
=INFO REPORT==== 2016-02-25 01:01:09 ===
I(<0.63.0>:tcp_acceptor:27) : +++++++++++ LSock:#Port<0.2452> +++++++++++

=INFO REPORT==== 2016-02-25 01:01:09 ===
I(<0.64.0>:tcp_acceptor:27) : +++++++++++ LSock:#Port<0.2452> +++++++++++

=INFO REPORT==== 2016-02-25 01:01:09 ===
I(<0.65.0>:tcp_acceptor:27) : +++++++++++ LSock:#Port<0.2452> +++++++++++

=INFO REPORT==== 2016-02-25 01:01:09 ===
I(<0.66.0>:tcp_acceptor:27) : +++++++++++ LSock:#Port<0.2452> +++++++++++

=INFO REPORT==== 2016-02-25 01:01:09 ===
I(<0.67.0>:tcp_acceptor:27) : +++++++++++ LSock:#Port<0.2452> +++++++++++

=INFO REPORT==== 2016-02-25 01:01:09 ===
I(<0.68.0>:tcp_acceptor:27) : +++++++++++ LSock:#Port<0.2452> +++++++++++

=INFO REPORT==== 2016-02-25 01:01:09 ===
I(<0.69.0>:tcp_acceptor:27) : +++++++++++ LSock:#Port<0.2452> +++++++++++

=INFO REPORT==== 2016-02-25 01:01:09 ===
I(<0.70.0>:tcp_acceptor:27) : +++++++++++ LSock:#Port<0.2452> +++++++++++

=INFO REPORT==== 2016-02-25 01:01:09 ===
I(<0.71.0>:tcp_acceptor:27) : +++++++++++ LSock:#Port<0.2452> +++++++++++

=INFO REPORT==== 2016-02-25 01:01:09 ===
I(<0.72.0>:tcp_acceptor:27) : +++++++++++ LSock:#Port<0.2452> +++++++++++

=INFO REPORT==== 2016-02-25 01:01:09 ===
I(<0.74.0>:tcp_acceptor:27) : +++++++++++ LSock:#Port<0.2455> +++++++++++

=INFO REPORT==== 2016-02-25 01:01:09 ===
I(<0.75.0>:tcp_acceptor:27) : +++++++++++ LSock:#Port<0.2455> +++++++++++

=INFO REPORT==== 2016-02-25 01:01:09 ===
I(<0.76.0>:tcp_acceptor:27) : +++++++++++ LSock:#Port<0.2455> +++++++++++

=INFO REPORT==== 2016-02-25 01:01:09 ===
I(<0.77.0>:tcp_acceptor:27) : +++++++++++ LSock:#Port<0.2455> +++++++++++

=INFO REPORT==== 2016-02-25 01:01:09 ===
I(<0.78.0>:tcp_acceptor:27) : +++++++++++ LSock:#Port<0.2455> +++++++++++

=INFO REPORT==== 2016-02-25 01:01:09 ===
I(<0.79.0>:tcp_acceptor:27) : +++++++++++ LSock:#Port<0.2455> +++++++++++

=INFO REPORT==== 2016-02-25 01:01:09 ===
I(<0.80.0>:tcp_acceptor:27) : +++++++++++ LSock:#Port<0.2455> +++++++++++

=INFO REPORT==== 2016-02-25 01:01:09 ===
I(<0.81.0>:tcp_acceptor:27) : +++++++++++ LSock:#Port<0.2455> +++++++++++

=INFO REPORT==== 2016-02-25 01:01:09 ===
I(<0.82.0>:tcp_acceptor:27) : +++++++++++ LSock:#Port<0.2455> +++++++++++

=INFO REPORT==== 2016-02-25 01:01:09 ===
I(<0.83.0>:tcp_acceptor:27) : +++++++++++ LSock:#Port<0.2455> +++++++++++

=ERROR REPORT==== 2016-02-25 01:01:09 ===
W(<0.51.0>:edb:37) : Host:[49,50,55,46,48,46,48,46,49], User:[114,111,111,116], Password:[49,50,51,52,53,54], Encode:utf8, DbName:undefined, Port:3306

=ERROR REPORT==== 2016-02-25 01:01:12 ===
W(<0.51.0>:edb:75) : have database db_name:"zbb_1"

=ERROR REPORT==== 2016-02-25 01:01:13 ===
W(<0.51.0>:edb:85) : change database res:0

=ERROR REPORT==== 2016-02-25 01:11:04 ===
W(<0.150.0>:game_reloader:60) : all module:[edb_util]

=ERROR REPORT==== 2016-02-25 01:11:04 ===
W(<0.150.0>:game_reloader:92) : Node:'game_zbb_s1_38001@172.19.17.102' Reloading edb_util ...

=ERROR REPORT==== 2016-02-25 01:11:04 ===
W(<0.150.0>:game_reloader:97) : Node:'game_zbb_s1_38001@172.19.17.102',Reload:edb_util,ok


=ERROR REPORT==== 2016-02-25 01:11:04 ===
W(<0.150.0>:game_reloader:113) : reload edb_util ok.

=ERROR REPORT==== 2016-02-25 01:11:20 ===
W(<0.153.0>:game_reloader:60) : all module:[edb_util]

=ERROR REPORT==== 2016-02-25 01:11:20 ===
W(<0.153.0>:game_reloader:92) : Node:'game_zbb_s1_38001@172.19.17.102' Reloading edb_util ...

=ERROR REPORT==== 2016-02-25 01:11:20 ===
W(<0.153.0>:game_reloader:97) : Node:'game_zbb_s1_38001@172.19.17.102',Reload:edb_util,ok


=ERROR REPORT==== 2016-02-25 01:11:20 ===
W(<0.153.0>:game_reloader:113) : reload edb_util ok.

=ERROR REPORT==== 2016-02-25 01:11:45 ===
W(<0.156.0>:game_reloader:60) : all module:[edb_util]

=ERROR REPORT==== 2016-02-25 01:11:45 ===
W(<0.156.0>:game_reloader:92) : Node:'game_zbb_s1_38001@172.19.17.102' Reloading edb_util ...

=ERROR REPORT==== 2016-02-25 01:11:45 ===
W(<0.156.0>:game_reloader:97) : Node:'game_zbb_s1_38001@172.19.17.102',Reload:edb_util,ok


=ERROR REPORT==== 2016-02-25 01:11:45 ===
W(<0.156.0>:game_reloader:113) : reload edb_util ok.

=ERROR REPORT==== 2016-02-25 01:12:06 ===
W(<0.159.0>:game_reloader:60) : all module:[]

=ERROR REPORT==== 2016-02-25 01:34:11 ===
W(<0.170.0>:game_reloader:60) : all module:[]

=ERROR REPORT==== 2016-02-25 01:35:08 ===
W(<0.173.0>:game_reloader:60) : all module:[]

=ERROR REPORT==== 2016-02-25 01:37:17 ===
W(<0.176.0>:game_reloader:60) : all module:[]

=INFO REPORT==== 2016-02-25 01:37:53 ===
    application: sasl
    exited: stopped
    type: temporary

=ERROR REPORT==== 2016-02-25 01:37:53 ===
W(<0.73.0>:tcp_listener:50) : Socket:#Port<0.2455> close,Reason:shutdown

=ERROR REPORT==== 2016-02-25 01:37:53 ===
W(<0.74.0>:tcp_acceptor:54) : LSock Colsed:#Port<0.2455>

=ERROR REPORT==== 2016-02-25 01:37:53 ===
W(<0.75.0>:tcp_acceptor:54) : LSock Colsed:#Port<0.2455>

=ERROR REPORT==== 2016-02-25 01:37:53 ===
W(<0.76.0>:tcp_acceptor:54) : LSock Colsed:#Port<0.2455>

=ERROR REPORT==== 2016-02-25 01:37:53 ===
W(<0.77.0>:tcp_acceptor:54) : LSock Colsed:#Port<0.2455>

=ERROR REPORT==== 2016-02-25 01:37:53 ===
W(<0.78.0>:tcp_acceptor:54) : LSock Colsed:#Port<0.2455>

=ERROR REPORT==== 2016-02-25 01:37:53 ===
W(<0.79.0>:tcp_acceptor:54) : LSock Colsed:#Port<0.2455>

=ERROR REPORT==== 2016-02-25 01:37:53 ===
W(<0.80.0>:tcp_acceptor:54) : LSock Colsed:#Port<0.2455>

=ERROR REPORT==== 2016-02-25 01:37:53 ===
W(<0.81.0>:tcp_acceptor:54) : LSock Colsed:#Port<0.2455>

=ERROR REPORT==== 2016-02-25 01:37:53 ===
W(<0.82.0>:tcp_acceptor:54) : LSock Colsed:#Port<0.2455>

=ERROR REPORT==== 2016-02-25 01:37:53 ===
W(<0.83.0>:tcp_acceptor:54) : LSock Colsed:#Port<0.2455>

=ERROR REPORT==== 2016-02-25 01:37:53 ===
W(<0.62.0>:tcp_listener:50) : Socket:#Port<0.2452> close,Reason:shutdown

=ERROR REPORT==== 2016-02-25 01:37:53 ===
W(<0.63.0>:tcp_acceptor:54) : LSock Colsed:#Port<0.2452>

=ERROR REPORT==== 2016-02-25 01:37:53 ===
W(<0.64.0>:tcp_acceptor:54) : LSock Colsed:#Port<0.2452>

=ERROR REPORT==== 2016-02-25 01:37:53 ===
W(<0.66.0>:tcp_acceptor:54) : LSock Colsed:#Port<0.2452>

=ERROR REPORT==== 2016-02-25 01:37:53 ===
W(<0.67.0>:tcp_acceptor:54) : LSock Colsed:#Port<0.2452>

=ERROR REPORT==== 2016-02-25 01:37:53 ===
W(<0.68.0>:tcp_acceptor:54) : LSock Colsed:#Port<0.2452>

=ERROR REPORT==== 2016-02-25 01:37:53 ===
W(<0.69.0>:tcp_acceptor:54) : LSock Colsed:#Port<0.2452>

=ERROR REPORT==== 2016-02-25 01:37:53 ===
W(<0.70.0>:tcp_acceptor:54) : LSock Colsed:#Port<0.2452>

=ERROR REPORT==== 2016-02-25 01:37:53 ===
W(<0.71.0>:tcp_acceptor:54) : LSock Colsed:#Port<0.2452>

=ERROR REPORT==== 2016-02-25 01:37:53 ===
W(<0.72.0>:tcp_acceptor:54) : LSock Colsed:#Port<0.2452>

=ERROR REPORT==== 2016-02-25 01:37:53 ===
W(<0.65.0>:tcp_acceptor:54) : LSock Colsed:#Port<0.2452>

=INFO REPORT==== 2016-02-25 01:37:53 ===
    application: server
    exited: stopped
    type: temporary
