
=INFO REPORT==== 2016-02-25 01:38:13 ===
I(<0.63.0>:tcp_acceptor:27) : +++++++++++ LSock:#Port<0.2452> +++++++++++

=INFO REPORT==== 2016-02-25 01:38:13 ===
I(<0.64.0>:tcp_acceptor:27) : +++++++++++ LSock:#Port<0.2452> +++++++++++

=INFO REPORT==== 2016-02-25 01:38:13 ===
I(<0.65.0>:tcp_acceptor:27) : +++++++++++ LSock:#Port<0.2452> +++++++++++

=INFO REPORT==== 2016-02-25 01:38:13 ===
I(<0.66.0>:tcp_acceptor:27) : +++++++++++ LSock:#Port<0.2452> +++++++++++

=INFO REPORT==== 2016-02-25 01:38:13 ===
I(<0.67.0>:tcp_acceptor:27) : +++++++++++ LSock:#Port<0.2452> +++++++++++

=INFO REPORT==== 2016-02-25 01:38:13 ===
I(<0.68.0>:tcp_acceptor:27) : +++++++++++ LSock:#Port<0.2452> +++++++++++

=INFO REPORT==== 2016-02-25 01:38:13 ===
I(<0.69.0>:tcp_acceptor:27) : +++++++++++ LSock:#Port<0.2452> +++++++++++

=INFO REPORT==== 2016-02-25 01:38:13 ===
I(<0.70.0>:tcp_acceptor:27) : +++++++++++ LSock:#Port<0.2452> +++++++++++

=INFO REPORT==== 2016-02-25 01:38:13 ===
I(<0.71.0>:tcp_acceptor:27) : +++++++++++ LSock:#Port<0.2452> +++++++++++

=INFO REPORT==== 2016-02-25 01:38:13 ===
I(<0.72.0>:tcp_acceptor:27) : +++++++++++ LSock:#Port<0.2452> +++++++++++

=INFO REPORT==== 2016-02-25 01:38:13 ===
I(<0.74.0>:tcp_acceptor:27) : +++++++++++ LSock:#Port<0.2455> +++++++++++

=INFO REPORT==== 2016-02-25 01:38:13 ===
I(<0.75.0>:tcp_acceptor:27) : +++++++++++ LSock:#Port<0.2455> +++++++++++

=INFO REPORT==== 2016-02-25 01:38:13 ===
I(<0.76.0>:tcp_acceptor:27) : +++++++++++ LSock:#Port<0.2455> +++++++++++

=INFO REPORT==== 2016-02-25 01:38:13 ===
I(<0.77.0>:tcp_acceptor:27) : +++++++++++ LSock:#Port<0.2455> +++++++++++

=INFO REPORT==== 2016-02-25 01:38:13 ===
I(<0.78.0>:tcp_acceptor:27) : +++++++++++ LSock:#Port<0.2455> +++++++++++

=INFO REPORT==== 2016-02-25 01:38:13 ===
I(<0.79.0>:tcp_acceptor:27) : +++++++++++ LSock:#Port<0.2455> +++++++++++

=INFO REPORT==== 2016-02-25 01:38:13 ===
I(<0.80.0>:tcp_acceptor:27) : +++++++++++ LSock:#Port<0.2455> +++++++++++

=INFO REPORT==== 2016-02-25 01:38:13 ===
I(<0.81.0>:tcp_acceptor:27) : +++++++++++ LSock:#Port<0.2455> +++++++++++

=INFO REPORT==== 2016-02-25 01:38:13 ===
I(<0.82.0>:tcp_acceptor:27) : +++++++++++ LSock:#Port<0.2455> +++++++++++

=INFO REPORT==== 2016-02-25 01:38:13 ===
I(<0.83.0>:tcp_acceptor:27) : +++++++++++ LSock:#Port<0.2455> +++++++++++

=ERROR REPORT==== 2016-02-25 01:38:13 ===
W(<0.51.0>:edb:37) : Host:[49,50,55,46,48,46,48,46,49], User:[114,111,111,116], Password:[49,50,51,52,53,54], Encode:utf8, DbName:undefined, Port:3306

=ERROR REPORT==== 2016-02-25 01:38:14 ===
W(<0.51.0>:edb:75) : have database db_name:"zbb_1"

=ERROR REPORT==== 2016-02-25 01:38:15 ===
W(<0.51.0>:edb:85) : change database res:0

=ERROR REPORT==== 2016-02-25 01:40:44 ===
W(<0.145.0>:game_reloader:60) : all module:[util]

=ERROR REPORT==== 2016-02-25 01:40:44 ===
W(<0.145.0>:game_reloader:92) : Node:'game_zbb_s1_38001@172.19.17.102' Reloading util ...

=ERROR REPORT==== 2016-02-25 01:40:44 ===
W(<0.145.0>:game_reloader:97) : Node:'game_zbb_s1_38001@172.19.17.102',Reload:util,ok


=ERROR REPORT==== 2016-02-25 01:40:44 ===
W(<0.145.0>:game_reloader:113) : reload util ok.

=ERROR REPORT==== 2016-02-25 01:40:55 ===
W(<0.148.0>:game_reloader:60) : all module:[util]

=ERROR REPORT==== 2016-02-25 01:40:55 ===
W(<0.148.0>:game_reloader:92) : Node:'game_zbb_s1_38001@172.19.17.102' Reloading util ...

=ERROR REPORT==== 2016-02-25 01:40:55 ===
W(<0.148.0>:game_reloader:97) : Node:'game_zbb_s1_38001@172.19.17.102',Reload:util,ok


=ERROR REPORT==== 2016-02-25 01:40:55 ===
W(<0.148.0>:game_reloader:113) : reload util ok.

=ERROR REPORT==== 2016-02-25 01:57:26 ===
W(<0.165.0>:game_reloader:60) : all module:[edb_util]

=ERROR REPORT==== 2016-02-25 01:57:26 ===
W(<0.165.0>:game_reloader:92) : Node:'game_zbb_s1_38001@172.19.17.102' Reloading edb_util ...

=ERROR REPORT==== 2016-02-25 01:57:26 ===
W(<0.165.0>:game_reloader:97) : Node:'game_zbb_s1_38001@172.19.17.102',Reload:edb_util,ok


=ERROR REPORT==== 2016-02-25 01:57:26 ===
W(<0.165.0>:game_reloader:113) : reload edb_util ok.

=ERROR REPORT==== 2016-02-25 03:09:07 ===
W(<0.177.0>:game_reloader:60) : all module:[game_mmdb]

=ERROR REPORT==== 2016-02-25 03:09:07 ===
W(<0.177.0>:game_reloader:92) : Node:'game_zbb_s1_38001@172.19.17.102' Reloading game_mmdb ...

=ERROR REPORT==== 2016-02-25 03:09:07 ===
W(<0.177.0>:game_reloader:97) : Node:'game_zbb_s1_38001@172.19.17.102',Reload:game_mmdb,ok


=ERROR REPORT==== 2016-02-25 03:09:07 ===
W(<0.177.0>:game_reloader:113) : reload game_mmdb ok.

=ERROR REPORT==== 2016-02-25 03:12:15 ===
W(<0.202.0>:game_reloader:60) : all module:[]

=ERROR REPORT==== 2016-02-25 03:12:37 ===
W(<0.205.0>:game_reloader:60) : all module:[game_mmdb]

=ERROR REPORT==== 2016-02-25 03:12:37 ===
W(<0.205.0>:game_reloader:92) : Node:'game_zbb_s1_38001@172.19.17.102' Reloading game_mmdb ...

=ERROR REPORT==== 2016-02-25 03:12:37 ===
W(<0.205.0>:game_reloader:97) : Node:'game_zbb_s1_38001@172.19.17.102',Reload:game_mmdb,ok


=ERROR REPORT==== 2016-02-25 03:12:37 ===
W(<0.205.0>:game_reloader:113) : reload game_mmdb ok.

=ERROR REPORT==== 2016-02-25 03:15:15 ===
W(<0.225.0>:game_reloader:60) : all module:[game_mmdb]

=ERROR REPORT==== 2016-02-25 03:15:15 ===
W(<0.225.0>:game_reloader:92) : Node:'game_zbb_s1_38001@172.19.17.102' Reloading game_mmdb ...

=ERROR REPORT==== 2016-02-25 03:15:15 ===
W(<0.225.0>:game_reloader:97) : Node:'game_zbb_s1_38001@172.19.17.102',Reload:game_mmdb,ok


=ERROR REPORT==== 2016-02-25 03:15:15 ===
W(<0.225.0>:game_reloader:113) : reload game_mmdb ok.

=ERROR REPORT==== 2016-02-25 03:17:33 ===
W(<0.250.0>:game_reloader:60) : all module:[game_mmdb]

=ERROR REPORT==== 2016-02-25 03:17:33 ===
W(<0.250.0>:game_reloader:92) : Node:'game_zbb_s1_38001@172.19.17.102' Reloading game_mmdb ...

=ERROR REPORT==== 2016-02-25 03:17:33 ===
W(<0.250.0>:game_reloader:97) : Node:'game_zbb_s1_38001@172.19.17.102',Reload:game_mmdb,ok


=ERROR REPORT==== 2016-02-25 03:17:33 ===
W(<0.250.0>:game_reloader:113) : reload game_mmdb ok.
