
=INFO REPORT==== 2016-02-16 18:19:19 ===
I(<0.63.0>:tcp_acceptor:27) : +++++++++++ LSock:#Port<0.2452> +++++++++++

=INFO REPORT==== 2016-02-16 18:19:19 ===
I(<0.64.0>:tcp_acceptor:27) : +++++++++++ LSock:#Port<0.2452> +++++++++++

=INFO REPORT==== 2016-02-16 18:19:19 ===
I(<0.65.0>:tcp_acceptor:27) : +++++++++++ LSock:#Port<0.2452> +++++++++++

=INFO REPORT==== 2016-02-16 18:19:19 ===
I(<0.66.0>:tcp_acceptor:27) : +++++++++++ LSock:#Port<0.2452> +++++++++++

=INFO REPORT==== 2016-02-16 18:19:19 ===
I(<0.67.0>:tcp_acceptor:27) : +++++++++++ LSock:#Port<0.2452> +++++++++++

=INFO REPORT==== 2016-02-16 18:19:19 ===
I(<0.68.0>:tcp_acceptor:27) : +++++++++++ LSock:#Port<0.2452> +++++++++++

=INFO REPORT==== 2016-02-16 18:19:19 ===
I(<0.69.0>:tcp_acceptor:27) : +++++++++++ LSock:#Port<0.2452> +++++++++++

=INFO REPORT==== 2016-02-16 18:19:19 ===
I(<0.70.0>:tcp_acceptor:27) : +++++++++++ LSock:#Port<0.2452> +++++++++++

=INFO REPORT==== 2016-02-16 18:19:19 ===
I(<0.71.0>:tcp_acceptor:27) : +++++++++++ LSock:#Port<0.2452> +++++++++++

=INFO REPORT==== 2016-02-16 18:19:19 ===
I(<0.72.0>:tcp_acceptor:27) : +++++++++++ LSock:#Port<0.2452> +++++++++++

=INFO REPORT==== 2016-02-16 18:19:19 ===
I(<0.74.0>:tcp_acceptor:27) : +++++++++++ LSock:#Port<0.2455> +++++++++++

=INFO REPORT==== 2016-02-16 18:19:19 ===
I(<0.75.0>:tcp_acceptor:27) : +++++++++++ LSock:#Port<0.2455> +++++++++++

=INFO REPORT==== 2016-02-16 18:19:19 ===
I(<0.76.0>:tcp_acceptor:27) : +++++++++++ LSock:#Port<0.2455> +++++++++++

=INFO REPORT==== 2016-02-16 18:19:19 ===
I(<0.77.0>:tcp_acceptor:27) : +++++++++++ LSock:#Port<0.2455> +++++++++++

=INFO REPORT==== 2016-02-16 18:19:19 ===
I(<0.78.0>:tcp_acceptor:27) : +++++++++++ LSock:#Port<0.2455> +++++++++++

=INFO REPORT==== 2016-02-16 18:19:19 ===
I(<0.79.0>:tcp_acceptor:27) : +++++++++++ LSock:#Port<0.2455> +++++++++++

=INFO REPORT==== 2016-02-16 18:19:19 ===
I(<0.80.0>:tcp_acceptor:27) : +++++++++++ LSock:#Port<0.2455> +++++++++++

=INFO REPORT==== 2016-02-16 18:19:19 ===
I(<0.81.0>:tcp_acceptor:27) : +++++++++++ LSock:#Port<0.2455> +++++++++++

=INFO REPORT==== 2016-02-16 18:19:19 ===
I(<0.82.0>:tcp_acceptor:27) : +++++++++++ LSock:#Port<0.2455> +++++++++++

=INFO REPORT==== 2016-02-16 18:19:19 ===
I(<0.83.0>:tcp_acceptor:27) : +++++++++++ LSock:#Port<0.2455> +++++++++++

=ERROR REPORT==== 2016-02-16 18:19:19 ===
W(<0.51.0>:edb:37) : Host:[49,50,55,46,48,46,48,46,49], User:[114,111,111,116], Password:[49,50,51,52,53,54], Encode:utf8, DbName:undefined, Port:3306

=ERROR REPORT==== 2016-02-16 18:19:20 ===
W(<0.51.0>:edb:75) : have database db_name:"zbb_1"

=ERROR REPORT==== 2016-02-16 18:19:21 ===
W(<0.51.0>:edb:85) : change database res:0

=INFO REPORT==== 2016-02-17 22:22:07 ===
    application: sasl
    exited: stopped
    type: temporary

=ERROR REPORT==== 2016-02-17 22:22:07 ===
W(<0.73.0>:tcp_listener:50) : Socket:#Port<0.2455> close,Reason:shutdown

=ERROR REPORT==== 2016-02-17 22:22:07 ===
W(<0.74.0>:tcp_acceptor:54) : LSock Colsed:#Port<0.2455>

=ERROR REPORT==== 2016-02-17 22:22:07 ===
W(<0.75.0>:tcp_acceptor:54) : LSock Colsed:#Port<0.2455>

=ERROR REPORT==== 2016-02-17 22:22:07 ===
W(<0.76.0>:tcp_acceptor:54) : LSock Colsed:#Port<0.2455>

=ERROR REPORT==== 2016-02-17 22:22:07 ===
W(<0.77.0>:tcp_acceptor:54) : LSock Colsed:#Port<0.2455>

=ERROR REPORT==== 2016-02-17 22:22:07 ===
W(<0.78.0>:tcp_acceptor:54) : LSock Colsed:#Port<0.2455>

=ERROR REPORT==== 2016-02-17 22:22:07 ===
W(<0.79.0>:tcp_acceptor:54) : LSock Colsed:#Port<0.2455>

=ERROR REPORT==== 2016-02-17 22:22:07 ===
W(<0.80.0>:tcp_acceptor:54) : LSock Colsed:#Port<0.2455>

=ERROR REPORT==== 2016-02-17 22:22:07 ===
W(<0.81.0>:tcp_acceptor:54) : LSock Colsed:#Port<0.2455>

=ERROR REPORT==== 2016-02-17 22:22:07 ===
W(<0.82.0>:tcp_acceptor:54) : LSock Colsed:#Port<0.2455>

=ERROR REPORT==== 2016-02-17 22:22:07 ===
W(<0.83.0>:tcp_acceptor:54) : LSock Colsed:#Port<0.2455>

=ERROR REPORT==== 2016-02-17 22:22:07 ===
W(<0.62.0>:tcp_listener:50) : Socket:#Port<0.2452> close,Reason:shutdown

=ERROR REPORT==== 2016-02-17 22:22:07 ===
W(<0.63.0>:tcp_acceptor:54) : LSock Colsed:#Port<0.2452>

=ERROR REPORT==== 2016-02-17 22:22:07 ===
W(<0.65.0>:tcp_acceptor:54) : LSock Colsed:#Port<0.2452>

=ERROR REPORT==== 2016-02-17 22:22:07 ===
W(<0.64.0>:tcp_acceptor:54) : LSock Colsed:#Port<0.2452>

=ERROR REPORT==== 2016-02-17 22:22:07 ===
W(<0.67.0>:tcp_acceptor:54) : LSock Colsed:#Port<0.2452>

=ERROR REPORT==== 2016-02-17 22:22:07 ===
W(<0.68.0>:tcp_acceptor:54) : LSock Colsed:#Port<0.2452>

=ERROR REPORT==== 2016-02-17 22:22:07 ===
W(<0.69.0>:tcp_acceptor:54) : LSock Colsed:#Port<0.2452>

=ERROR REPORT==== 2016-02-17 22:22:07 ===
W(<0.66.0>:tcp_acceptor:54) : LSock Colsed:#Port<0.2452>

=ERROR REPORT==== 2016-02-17 22:22:07 ===
W(<0.70.0>:tcp_acceptor:54) : LSock Colsed:#Port<0.2452>

=ERROR REPORT==== 2016-02-17 22:22:07 ===
W(<0.71.0>:tcp_acceptor:54) : LSock Colsed:#Port<0.2452>

=ERROR REPORT==== 2016-02-17 22:22:07 ===
W(<0.72.0>:tcp_acceptor:54) : LSock Colsed:#Port<0.2452>

=INFO REPORT==== 2016-02-17 22:22:07 ===
    application: server
    exited: stopped
    type: temporary
