
=INFO REPORT==== 2016-01-07 01:55:24 ===
I(<0.63.0>:tcp_acceptor:27) : +++++++++++ LSock:#Port<0.2522> +++++++++++

=INFO REPORT==== 2016-01-07 01:55:24 ===
I(<0.64.0>:tcp_acceptor:27) : +++++++++++ LSock:#Port<0.2522> +++++++++++

=INFO REPORT==== 2016-01-07 01:55:24 ===
I(<0.65.0>:tcp_acceptor:27) : +++++++++++ LSock:#Port<0.2522> +++++++++++

=INFO REPORT==== 2016-01-07 01:55:24 ===
I(<0.66.0>:tcp_acceptor:27) : +++++++++++ LSock:#Port<0.2522> +++++++++++

=INFO REPORT==== 2016-01-07 01:55:24 ===
I(<0.67.0>:tcp_acceptor:27) : +++++++++++ LSock:#Port<0.2522> +++++++++++

=INFO REPORT==== 2016-01-07 01:55:24 ===
I(<0.68.0>:tcp_acceptor:27) : +++++++++++ LSock:#Port<0.2522> +++++++++++

=INFO REPORT==== 2016-01-07 01:55:24 ===
I(<0.69.0>:tcp_acceptor:27) : +++++++++++ LSock:#Port<0.2522> +++++++++++

=INFO REPORT==== 2016-01-07 01:55:24 ===
I(<0.70.0>:tcp_acceptor:27) : +++++++++++ LSock:#Port<0.2522> +++++++++++

=INFO REPORT==== 2016-01-07 01:55:24 ===
I(<0.71.0>:tcp_acceptor:27) : +++++++++++ LSock:#Port<0.2522> +++++++++++

=INFO REPORT==== 2016-01-07 01:55:24 ===
I(<0.72.0>:tcp_acceptor:27) : +++++++++++ LSock:#Port<0.2522> +++++++++++

=INFO REPORT==== 2016-01-07 01:55:24 ===
I(<0.74.0>:tcp_acceptor:27) : +++++++++++ LSock:#Port<0.2525> +++++++++++

=INFO REPORT==== 2016-01-07 01:55:24 ===
I(<0.75.0>:tcp_acceptor:27) : +++++++++++ LSock:#Port<0.2525> +++++++++++

=INFO REPORT==== 2016-01-07 01:55:24 ===
I(<0.76.0>:tcp_acceptor:27) : +++++++++++ LSock:#Port<0.2525> +++++++++++

=INFO REPORT==== 2016-01-07 01:55:24 ===
I(<0.77.0>:tcp_acceptor:27) : +++++++++++ LSock:#Port<0.2525> +++++++++++

=INFO REPORT==== 2016-01-07 01:55:24 ===
I(<0.78.0>:tcp_acceptor:27) : +++++++++++ LSock:#Port<0.2525> +++++++++++

=INFO REPORT==== 2016-01-07 01:55:24 ===
I(<0.79.0>:tcp_acceptor:27) : +++++++++++ LSock:#Port<0.2525> +++++++++++

=INFO REPORT==== 2016-01-07 01:55:24 ===
I(<0.80.0>:tcp_acceptor:27) : +++++++++++ LSock:#Port<0.2525> +++++++++++

=INFO REPORT==== 2016-01-07 01:55:24 ===
I(<0.81.0>:tcp_acceptor:27) : +++++++++++ LSock:#Port<0.2525> +++++++++++

=INFO REPORT==== 2016-01-07 01:55:24 ===
I(<0.82.0>:tcp_acceptor:27) : +++++++++++ LSock:#Port<0.2525> +++++++++++

=INFO REPORT==== 2016-01-07 01:55:24 ===
I(<0.83.0>:tcp_acceptor:27) : +++++++++++ LSock:#Port<0.2525> +++++++++++

=ERROR REPORT==== 2016-01-07 01:55:24 ===
W(<0.52.0>:edb:36) : Host:[49,50,55,46,48,46,48,46,49], User:[114,111,111,116], Password:[49,50,51,52,53,54], Encode:utf8, DbName:undefined, Port:3306

=ERROR REPORT==== 2016-01-07 01:55:25 ===
W(<0.52.0>:edb:80) : create database "zbb_1" res:1

=ERROR REPORT==== 2016-01-07 01:55:26 ===
W(<0.52.0>:edb:86) : change database res:0
