
=INFO REPORT==== 2016-01-04 17:14:37 ===
I(<0.61.0>:tcp_acceptor:27) : +++++++++++ LSock:#Port<0.2519> +++++++++++

=INFO REPORT==== 2016-01-04 17:14:37 ===
I(<0.62.0>:tcp_acceptor:27) : +++++++++++ LSock:#Port<0.2519> +++++++++++

=INFO REPORT==== 2016-01-04 17:14:37 ===
I(<0.63.0>:tcp_acceptor:27) : +++++++++++ LSock:#Port<0.2519> +++++++++++

=INFO REPORT==== 2016-01-04 17:14:37 ===
I(<0.64.0>:tcp_acceptor:27) : +++++++++++ LSock:#Port<0.2519> +++++++++++

=INFO REPORT==== 2016-01-04 17:14:37 ===
I(<0.65.0>:tcp_acceptor:27) : +++++++++++ LSock:#Port<0.2519> +++++++++++

=INFO REPORT==== 2016-01-04 17:14:37 ===
I(<0.66.0>:tcp_acceptor:27) : +++++++++++ LSock:#Port<0.2519> +++++++++++

=INFO REPORT==== 2016-01-04 17:14:37 ===
I(<0.67.0>:tcp_acceptor:27) : +++++++++++ LSock:#Port<0.2519> +++++++++++

=INFO REPORT==== 2016-01-04 17:14:37 ===
I(<0.68.0>:tcp_acceptor:27) : +++++++++++ LSock:#Port<0.2519> +++++++++++

=INFO REPORT==== 2016-01-04 17:14:37 ===
I(<0.69.0>:tcp_acceptor:27) : +++++++++++ LSock:#Port<0.2519> +++++++++++

=INFO REPORT==== 2016-01-04 17:14:37 ===
I(<0.70.0>:tcp_acceptor:27) : +++++++++++ LSock:#Port<0.2519> +++++++++++

=INFO REPORT==== 2016-01-04 17:14:37 ===
I(<0.72.0>:tcp_acceptor:27) : +++++++++++ LSock:#Port<0.2522> +++++++++++

=INFO REPORT==== 2016-01-04 17:14:37 ===
I(<0.73.0>:tcp_acceptor:27) : +++++++++++ LSock:#Port<0.2522> +++++++++++

=INFO REPORT==== 2016-01-04 17:14:37 ===
I(<0.74.0>:tcp_acceptor:27) : +++++++++++ LSock:#Port<0.2522> +++++++++++

=INFO REPORT==== 2016-01-04 17:14:37 ===
I(<0.75.0>:tcp_acceptor:27) : +++++++++++ LSock:#Port<0.2522> +++++++++++

=INFO REPORT==== 2016-01-04 17:14:37 ===
I(<0.76.0>:tcp_acceptor:27) : +++++++++++ LSock:#Port<0.2522> +++++++++++

=INFO REPORT==== 2016-01-04 17:14:37 ===
I(<0.77.0>:tcp_acceptor:27) : +++++++++++ LSock:#Port<0.2522> +++++++++++

=INFO REPORT==== 2016-01-04 17:14:37 ===
I(<0.78.0>:tcp_acceptor:27) : +++++++++++ LSock:#Port<0.2522> +++++++++++

=INFO REPORT==== 2016-01-04 17:14:37 ===
I(<0.79.0>:tcp_acceptor:27) : +++++++++++ LSock:#Port<0.2522> +++++++++++

=INFO REPORT==== 2016-01-04 17:14:37 ===
I(<0.80.0>:tcp_acceptor:27) : +++++++++++ LSock:#Port<0.2522> +++++++++++

=INFO REPORT==== 2016-01-04 17:14:37 ===
I(<0.81.0>:tcp_acceptor:27) : +++++++++++ LSock:#Port<0.2522> +++++++++++

=ERROR REPORT==== 2016-01-04 17:14:37 ===
W(<0.50.0>:edb:36) : Host:[49,50,55,46,48,46,48,46,49], User:[114,111,111,116], Password:[97,100,109,105,110], Encode:utf8, DbName:undefined, Port:4406

=ERROR REPORT==== 2016-01-04 17:14:38 ===
W(<0.50.0>:edb:76) : have database db_name:"zbb_1"

=ERROR REPORT==== 2016-01-04 17:14:39 ===
W(<0.50.0>:edb:86) : change database res:0

=INFO REPORT==== 2016-01-04 17:21:41 ===
    application: sasl
    exited: stopped
    type: temporary

=ERROR REPORT==== 2016-01-04 17:21:41 ===
W(<0.71.0>:tcp_listener:50) : Socket:#Port<0.2522> close,Reason:shutdown

=ERROR REPORT==== 2016-01-04 17:21:41 ===
W(<0.72.0>:tcp_acceptor:54) : LSock Colsed:#Port<0.2522>

=ERROR REPORT==== 2016-01-04 17:21:41 ===
W(<0.73.0>:tcp_acceptor:54) : LSock Colsed:#Port<0.2522>

=ERROR REPORT==== 2016-01-04 17:21:41 ===
W(<0.74.0>:tcp_acceptor:54) : LSock Colsed:#Port<0.2522>

=ERROR REPORT==== 2016-01-04 17:21:41 ===
W(<0.75.0>:tcp_acceptor:54) : LSock Colsed:#Port<0.2522>

=ERROR REPORT==== 2016-01-04 17:21:41 ===
W(<0.76.0>:tcp_acceptor:54) : LSock Colsed:#Port<0.2522>

=ERROR REPORT==== 2016-01-04 17:21:41 ===
W(<0.77.0>:tcp_acceptor:54) : LSock Colsed:#Port<0.2522>

=ERROR REPORT==== 2016-01-04 17:21:41 ===
W(<0.78.0>:tcp_acceptor:54) : LSock Colsed:#Port<0.2522>

=ERROR REPORT==== 2016-01-04 17:21:41 ===
W(<0.79.0>:tcp_acceptor:54) : LSock Colsed:#Port<0.2522>

=ERROR REPORT==== 2016-01-04 17:21:41 ===
W(<0.80.0>:tcp_acceptor:54) : LSock Colsed:#Port<0.2522>

=ERROR REPORT==== 2016-01-04 17:21:41 ===
W(<0.81.0>:tcp_acceptor:54) : LSock Colsed:#Port<0.2522>

=ERROR REPORT==== 2016-01-04 17:21:41 ===
W(<0.60.0>:tcp_listener:50) : Socket:#Port<0.2519> close,Reason:shutdown

=INFO REPORT==== 2016-01-04 17:21:41 ===
    application: server
    exited: stopped
    type: temporary
