
=INFO REPORT==== 2016-02-05 23:00:27 ===
I(<0.63.0>:tcp_acceptor:27) : +++++++++++ LSock:#Port<0.2452> +++++++++++

=INFO REPORT==== 2016-02-05 23:00:27 ===
I(<0.64.0>:tcp_acceptor:27) : +++++++++++ LSock:#Port<0.2452> +++++++++++

=INFO REPORT==== 2016-02-05 23:00:27 ===
I(<0.65.0>:tcp_acceptor:27) : +++++++++++ LSock:#Port<0.2452> +++++++++++

=INFO REPORT==== 2016-02-05 23:00:27 ===
I(<0.66.0>:tcp_acceptor:27) : +++++++++++ LSock:#Port<0.2452> +++++++++++

=INFO REPORT==== 2016-02-05 23:00:27 ===
I(<0.67.0>:tcp_acceptor:27) : +++++++++++ LSock:#Port<0.2452> +++++++++++

=INFO REPORT==== 2016-02-05 23:00:27 ===
I(<0.68.0>:tcp_acceptor:27) : +++++++++++ LSock:#Port<0.2452> +++++++++++

=INFO REPORT==== 2016-02-05 23:00:27 ===
I(<0.69.0>:tcp_acceptor:27) : +++++++++++ LSock:#Port<0.2452> +++++++++++

=INFO REPORT==== 2016-02-05 23:00:27 ===
I(<0.70.0>:tcp_acceptor:27) : +++++++++++ LSock:#Port<0.2452> +++++++++++

=INFO REPORT==== 2016-02-05 23:00:27 ===
I(<0.71.0>:tcp_acceptor:27) : +++++++++++ LSock:#Port<0.2452> +++++++++++

=INFO REPORT==== 2016-02-05 23:00:27 ===
I(<0.72.0>:tcp_acceptor:27) : +++++++++++ LSock:#Port<0.2452> +++++++++++

=INFO REPORT==== 2016-02-05 23:00:27 ===
I(<0.74.0>:tcp_acceptor:27) : +++++++++++ LSock:#Port<0.2455> +++++++++++

=INFO REPORT==== 2016-02-05 23:00:27 ===
I(<0.75.0>:tcp_acceptor:27) : +++++++++++ LSock:#Port<0.2455> +++++++++++

=INFO REPORT==== 2016-02-05 23:00:27 ===
I(<0.76.0>:tcp_acceptor:27) : +++++++++++ LSock:#Port<0.2455> +++++++++++

=INFO REPORT==== 2016-02-05 23:00:27 ===
I(<0.77.0>:tcp_acceptor:27) : +++++++++++ LSock:#Port<0.2455> +++++++++++

=INFO REPORT==== 2016-02-05 23:00:27 ===
I(<0.78.0>:tcp_acceptor:27) : +++++++++++ LSock:#Port<0.2455> +++++++++++

=INFO REPORT==== 2016-02-05 23:00:27 ===
I(<0.79.0>:tcp_acceptor:27) : +++++++++++ LSock:#Port<0.2455> +++++++++++

=INFO REPORT==== 2016-02-05 23:00:27 ===
I(<0.80.0>:tcp_acceptor:27) : +++++++++++ LSock:#Port<0.2455> +++++++++++

=INFO REPORT==== 2016-02-05 23:00:27 ===
I(<0.81.0>:tcp_acceptor:27) : +++++++++++ LSock:#Port<0.2455> +++++++++++

=INFO REPORT==== 2016-02-05 23:00:27 ===
I(<0.82.0>:tcp_acceptor:27) : +++++++++++ LSock:#Port<0.2455> +++++++++++

=INFO REPORT==== 2016-02-05 23:00:27 ===
I(<0.83.0>:tcp_acceptor:27) : +++++++++++ LSock:#Port<0.2455> +++++++++++

=ERROR REPORT==== 2016-02-05 23:00:27 ===
W(<0.51.0>:edb:37) : Host:[49,50,55,46,48,46,48,46,49], User:[114,111,111,116], Password:[49,50,51,52,53,54], Encode:utf8, DbName:undefined, Port:3306

=ERROR REPORT==== 2016-02-05 23:00:29 ===
W(<0.51.0>:edb:75) : have database db_name:"zbb_1"

=ERROR REPORT==== 2016-02-05 23:00:30 ===
W(<0.51.0>:edb:85) : change database res:0

=ERROR REPORT==== 2016-02-05 23:00:30 ===
W(<0.51.0>:global_data_disk:22) : global_data_disk init, DbInfoList:[{global_data,award_activity,[{award_activity_info,101,1,1,1446858000,1447430400,1447430400},{award_activity_info,101,1,2,1446912000,1447430400,1447430400},{award_activity_info,101,1,3,1446998400,1447430400,1447430400},{award_activity_info,101,1,4,1447084800,1447430400,1447430400},{award_activity_info,101,1,5,1447171200,1447430400,1447430400},{award_activity_info,102,1,5,1447171200,1447257600,1447257300},{award_activity_info,103,1,5,1447171200,1447257600,1447257600},{award_activity_info,105,1,5,1447171200,1447257600,1447257600},{award_activity_info,106,1,1,1446858000,1447430400,1447430400},{award_activity_info,107,1,1,1446858000,1447257600,1447257600},{award_activity_info,108,1,5,1447171200,1447257600,1447257600},{award_activity_info,109,1,1,1446858000,1447430400,1447430400},{award_activity_info,110,1,5,1447171200,1447257600,1447257600},{award_activity_info,111,1,5,1447171200,1447257600,1447257600}],0},{global_data,crossworldboss,[{worldboss,27,2,0,0,0,<<>>,0,0},{worldboss,28,2,0,0,0,<<>>,0,0},{worldboss,29,2,0,0,0,<<>>,0,0},{worldboss,30,2,0,0,0,<<>>,0,0}],0},{global_data,domain_list,[{domain,3,0,<<>>,1446261979,1452949201,0,0},{domain,1,0,<<>>,1446261979,1452949201,0,0},{domain,2,0,<<>>,1446261979,1452949201,0,0},{domain,4,0,<<>>,1449925204,1452949201,0,0}],0},{global_data,game_world_lv,104,0},{global_data,month_question_rank,{[{user_sand_question,1,1,<<229,183,180,231,137,185,227,129,134,229,143,178,232,146,130,229,164,171>>,33248,270,2,750,0,3748892,0},{user_sand_question,2,1,<<230,154,151,229,189,177,226,150,179,229,168,129,229,187,137>>,454382,0,1,450,0,1748870,0},{user_sand_question,763,1,<<230,151,165,229,134,149,206,159,229,165,165,230,150,175,229,141,161>>,16598,30,1,30,0,191822,0}],[],0},0},{global_data,rank_world_lv,104,0},{global_data,sand_question_medal,[],0},{global_data,treasure_global_control_value,{410,1},0},{global_data,treasure_global_history_value,[{struct_treasure_msg,741,<<229,184,131,233,178,129,227,129,138,231,189,151,230,150,175>>,{struct_treasure,30360001,1}},{struct_treasure_msg,725,<<51,50,53,52,54>>,{struct_treasure,40180001,2}},{struct_treasure_msg,805,<<233,173,148,233,172,188,227,129,149,229,161,148,233,135,140,229,133,139>>,{struct_treasure,40180001,3}},{struct_treasure_msg,2,<<230,154,151,229,189,177,226,150,179,229,168,129,229,187,137>>,{struct_treasure,40180001,2}},{struct_treasure_msg,2,<<230,154,151,229,189,177,226,150,179,229,168,129,229,187,137>>,{struct_treasure,30360001,1}},{struct_treasure_msg,805,<<233,173,148,233,172,188,227,129,149,229,161,148,233,135,140,229,133,139>>,{struct_treasure,40180001,2}},{struct_treasure_msg,805,<<233,173,148,233,172,188,227,129,149,229,161,148,233,135,140,229,133,139>>,{struct_treasure,30210004,1}}],0},{global_data,week_question_rank,{[],[],0},0},{global_data,worldboss,[{worldboss,1,2,0,0,0,<<>>,0,0},{worldboss,2,2,0,0,0,<<>>,0,0},{worldboss,3,2,0,0,0,<<>>,0,0},{worldboss,4,2,0,0,0,<<>>,0,0},{worldboss,5,2,0,0,0,<<>>,0,0},{worldboss,6,2,0,0,0,<<>>,0,0},{worldboss,7,2,0,0,0,<<>>,0,0},{worldboss,8,2,0,0,0,<<>>,0,0},{worldboss,9,2,0,0,0,<<>>,0,0}],0},{global_data,{award_activity,102,1},[{4,6},{737,1},{732,1},{2,8},{742,1},{758,1},{3,7},{738,1},{734,1}],0},{global_data,{award_activity,102,3},[{734,2},{2,1},{3,3}],0},{global_data,{award_activity,110,1,1,1447376400},1,0},{global_data,{award_activity,110,1,1,1447894800},1,0},{global_data,{award_activity,110,1,1,1448845200},3,0},{global_data,{award_activity,110,1,1,1450659600},1,0},{global_data,{award_activity,110,1,2,1448899200},4,0},{global_data,{award_activity,110,1,2,1449504000},5,0},{global_data,{award_activity,110,1,21,1451923200},5,0},{global_data,{award_activity,110,1,21,1452441600},9,0},{global_data,{award_activity,110,1,21,1453219200},1,0},{global_data,{award_activity,110,1,22,1451923200},5,0},{global_data,{award_activity,110,1,22,1452441600},9,0},{global_data,{award_activity,110,1,22,1453219200},1,0},{global_data,{award_activity,110,1,23,1451923200},5,0},{global_data,{award_activity,110,1,23,1452441600},9,0},{global_data,{award_activity,110,1,23,1453219200},1,0},{global_data,{award_activity,110,1,24,1451923200},5,0},{global_data,{award_activity,110,1,24,1452441600},9,0},{global_data,{award_activity,110,1,24,1453219200},1,0},{global_data,{award_activity,110,1,3,1446480000},11,0},{global_data,{award_activity,110,1,3,1446998400},1,0},{global_data,{award_activity,110,1,3,1447862400},1,0},{global_data,{award_activity,110,1,3,1449676800},1,0},{global_data,{award_activity,110,1,3,1450368000},1,0},{global_data,{award_activity,110,1,3,1450800000},7,0},{global_data,{award_activity,110,1,31,1452009600},3,0},{global_data,{award_activity,110,1,32,1452009600},3,0},{global_data,{award_activity,110,1,33,1452009600},3,0},{global_data,{award_activity,110,1,4,1446566400},42,0},{global_data,{award_activity,110,1,4,1447084800},2,0},{global_data,{award_activity,110,1,4,1448035200},2,0},{global_data,{award_activity,110,1,4,1449763200},1,0},{global_data,{award_activity,110,1,4,1450886400},1,0},{global_data,{award_activity,110,1,5,1446652800},12,0},{global_data,{award_activity,110,1,5,1450972800},20,0},{global_data,{award_activity,110,1,51,1452182400},1,0},{global_data,{award_activity,110,1,52,1452182400},1,0},{global_data,{award_activity,110,1,53,1452182400},1,0},{global_data,{award_activity,110,1,6,1446739200},28,0},{global_data,{award_activity,110,1,6,1451059200},28,0},{global_data,{award_activity,110,1,7,1449331200},1,0},{global_data,{award_activity,110,1,7,1449590400},1,0},{global_data,{award_activity,110,1,7,1451145600},27,0},{global_data,{award_activity,111,1,2,1449504000,1},1,0},{global_data,{award_activity,111,1,2,1449504000,2},1,0},{global_data,{award_activity,111,1,2,1449504000,6},1,0},{global_data,{award_activity,111,1,3,1446480000,1},10,0},{global_data,{award_activity,111,1,3,1446480000,2},5,0},{global_data,{award_activity,111,1,3,1450800000,4},1,0},{global_data,{award_activity,111,1,4,1446566400,1},14,0},{global_data,{award_activity,111,1,4,1446566400,2},10,0},{global_data,{award_activity,111,1,4,1446566400,3},12,0},{global_data,{award_activity,111,1,4,1446566400,4},3,0},{global_data,{award_activity,111,1,4,1447084800,1},1,0},{global_data,{award_activity,111,1,4,1449763200,1},1,0},{global_data,{award_activity,111,1,5,1446652800,1},1,0},{global_data,{award_activity,111,1,5,1450972800,1},1,0},{global_data,{award_activity,111,1,5,1450972800,3},1,0},{global_data,{award_activity,111,1,5,1450972800,5},2,0},{global_data,{award_activity,111,1,6,1446739200,1},27,0},{global_data,{award_activity,122},{roulette_state,1,1454256000,6000,[{struct_roulette_msg,734,1,<<231,165,158,231,167,152,206,178,229,159,131,233,135,140,229,133,139,230,163,174>>,{struct_treasure,30220004,1}},{struct_roulette_msg,741,1,<<229,184,131,233,178,129,227,129,138,231,189,151,230,150,175>>,{struct_treasure,30220006,1}},{struct_roulette_msg,741,1,<<229,184,131,233,178,129,227,129,138,231,189,151,230,150,175>>,{struct_treasure,30220005,1}},{struct_roulette_msg,741,1,<<229,184,131,233,178,129,227,129,138,231,189,151,230,150,175>>,{struct_treasure,30210005,1}},{struct_roulette_msg,741,1,<<229,184,131,233,178,129,227,129,138,231,189,151,230,150,175>>,{struct_treasure,30220005,1}},{struct_roulette_msg,741,1,<<229,184,131,233,178,129,227,129,138,231,189,151,230,150,175>>,{struct_treasure,30210005,1}},{struct_roulette_msg,741,1,<<229,184,131,233,178,129,227,129,138,231,189,151,230,150,175>>,{struct_treasure,30210005,1}},{struct_roulette_msg,741,1,<<229,184,131,233,178,129,227,129,138,231,189,151,230,150,175>>,{struct_treasure,30210005,1}},{struct_roulette_msg,741,1,<<229,184,131,233,178,129,227,129,138,231,189,151,230,150,175>>,{struct_treasure,30210005,1}},{struct_roulette_msg,741,1,<<229,184,131,233,178,129,227,129,138,231,189,151,230,150,175>>,{struct_treasure,30210005,1}},{struct_roulette_msg,741,1,<<229,184,131,233,178,129,227,129,138,231,189,151,230,150,175>>,{struct_treasure,30210005,1}},{struct_roulette_msg,741,1,<<229,184,131,233,178,129,227,129,138,231,189,151,230,150,175>>,{struct_treasure,30220005,1}},{struct_roulette_msg,741,1,<<229,184,131,233,178,129,227,129,138,231,189,151,230,150,175>>,{struct_treasure,30300127,616}},{struct_roulette_msg,741,1,<<229,184,131,233,178,129,227,129,138,231,189,151,230,150,175>>,{struct_treasure,30220005,1}},{struct_roulette_msg,741,1,<<229,184,131,233,178,129,227,129,138,231,189,151,230,150,175>>,{struct_treasure,30220005,1}},{struct_roulette_msg,741,1,<<229,184,131,233,178,129,227,129,138,231,189,151,230,150,175>>,{struct_treasure,30210005,1}},{struct_roulette_msg,741,1,<<229,184,131,233,178,129,227,129,138,231,189,151,230,150,175>>,{struct_treasure,30210005,1}},{struct_roulette_msg,741,1,<<229,184,131,233,178,129,227,129,138,231,189,151,230,150,175>>,{struct_treasure,30220005,1}}]},0},{global_data,{award_activity,126,3},[{5,2}],0},{global_data,{award_activity,128,3},{1453856400,{2016,1,27}},0}]

=ERROR REPORT==== 2016-02-05 23:03:42 ===
Error in process <0.140.0> on node 'game_zbb_s1_38001@172.19.17.102' with exit value: {badarg,[{erlang,iolist_to_binary,[["insert into log_levle values ",[<<9 bytes>>,1,<<18 bytes>>,2,1004,1454684622]]],[]},{emysql_conn,canonicalize_query,1,[{file,"src/emysql/emysql_conn.erl"},{line,87}]},{emysql_conn,execute,3,[{file,"src/emysql/emysql_conn... 


=ERROR REPORT==== 2016-02-05 23:09:14 ===
Error in process <0.143.0> on node 'game_zbb_s1_38001@172.19.17.102' with exit value: {badarg,[{erlang,iolist_to_binary,[["insert into log_levle values ",[<<9 bytes>>,1,<<18 bytes>>,2,1004,1454684954]]],[]},{emysql_conn,canonicalize_query,1,[{file,"src/emysql/emysql_conn.erl"},{line,87}]},{emysql_conn,execute,3,[{file,"src/emysql/emysql_conn... 


=ERROR REPORT==== 2016-02-05 23:13:47 ===
W(<0.144.0>:edb_util:53) : Mysql Query Error, Msg:[84,97,98,108,101,32,39,122,98,98,95,49,46,108,111,103,95,108,101,118,108,101,39,32,100,111,101,115,110,39,116,32,101,120,105,115,116], Sql:[[105,110,115,101,114,116,32,105,110,116,111,32,108,111,103,95,108,101,118,108,101,32,118,97,108,117,101,115,32],[40,39,98,105,110,98,105,110,106,110,117,39,44,49,44,39,97,98,99,39,44,50,44,49,48,48,52,44,49,52,53,52,54,56,53,48,48,54,41]],[]

=ERROR REPORT==== 2016-02-05 23:13:57 ===
W(<0.153.0>:edb_util:53) : Mysql Query Error, Msg:[67,111,108,117,109,110,32,99,111,117,110,116,32,100,111,101,115,110,39,116,32,109,97,116,99,104,32,118,97,108,117,101,32,99,111,117,110,116,32,97,116,32,114,111,119,32,49], Sql:[[105,110,115,101,114,116,32,105,110,116,111,32,108,111,103,95,108,101,118,101,108,32,118,97,108,117,101,115,32],[40,39,98,105,110,98,105,110,106,110,117,39,44,49,44,39,97,98,99,39,44,50,44,49,48,48,52,44,49,52,53,52,54,56,53,48,48,54,41]],[]

=ERROR REPORT==== 2016-02-05 23:16:15 ===
W(<0.156.0>:edb_util:53) : Mysql Query Error, Msg:[89,111,117,32,104,97,118,101,32,97,110,32,101,114,114,111,114,32,105,110,32,121,111,117,114,32,83,81,76,32,115,121,110,116,97,120,59,32,99,104,101,99,107,32,116,104,101,32,109,97,110,117,97,108,32,116,104,97,116,32,99,111,114,114,101,115,112,111,110,100,115,32,116,111,32,121,111,117,114,32,77,121,83,81,76,32,115,101,114,118,101,114,32,118,101,114,115,105,111,110,32,102,111,114,32,116,104,101,32,114,105,103,104,116,32,115,121,110,116,97,120,32,116,111,32,117,115,101,32,110,101,97,114,32,39,40,48,44,32,39,98,105,110,98,105,110,106,110,117,49,39,44,49,44,39,97,98,99,39,44,50,44,49,48,48,52,44,49,52,53,52,54,56,53,48,48,54,41,39,32,97,116,32,108,105,110,101,32,49], Sql:[[105,110,115,101,114,116,32,105,110,116,111,32,108,111,103,95,108,101,118,101,108,32,118,97,108,117,101,115,32],[44,40,48,44,32,39,98,105,110,98,105,110,106,110,117,49,39,44,49,44,39,97,98,99,39,44,50,44,49,48,48,52,44,49,52,53,52,54,56,53,48,48,54,41]],[]

=INFO REPORT==== 2016-02-05 23:48:54 ===
    application: sasl
    exited: stopped
    type: temporary

=ERROR REPORT==== 2016-02-05 23:48:54 ===
W(<0.73.0>:tcp_listener:50) : Socket:#Port<0.2455> close,Reason:shutdown

=ERROR REPORT==== 2016-02-05 23:48:54 ===
W(<0.74.0>:tcp_acceptor:54) : LSock Colsed:#Port<0.2455>

=ERROR REPORT==== 2016-02-05 23:48:54 ===
W(<0.75.0>:tcp_acceptor:54) : LSock Colsed:#Port<0.2455>

=ERROR REPORT==== 2016-02-05 23:48:54 ===
W(<0.76.0>:tcp_acceptor:54) : LSock Colsed:#Port<0.2455>

=ERROR REPORT==== 2016-02-05 23:48:54 ===
W(<0.77.0>:tcp_acceptor:54) : LSock Colsed:#Port<0.2455>

=ERROR REPORT==== 2016-02-05 23:48:54 ===
W(<0.78.0>:tcp_acceptor:54) : LSock Colsed:#Port<0.2455>

=ERROR REPORT==== 2016-02-05 23:48:54 ===
W(<0.79.0>:tcp_acceptor:54) : LSock Colsed:#Port<0.2455>

=ERROR REPORT==== 2016-02-05 23:48:54 ===
W(<0.80.0>:tcp_acceptor:54) : LSock Colsed:#Port<0.2455>

=ERROR REPORT==== 2016-02-05 23:48:54 ===
W(<0.81.0>:tcp_acceptor:54) : LSock Colsed:#Port<0.2455>

=ERROR REPORT==== 2016-02-05 23:48:54 ===
W(<0.82.0>:tcp_acceptor:54) : LSock Colsed:#Port<0.2455>

=ERROR REPORT==== 2016-02-05 23:48:54 ===
W(<0.83.0>:tcp_acceptor:54) : LSock Colsed:#Port<0.2455>

=ERROR REPORT==== 2016-02-05 23:48:54 ===
W(<0.62.0>:tcp_listener:50) : Socket:#Port<0.2452> close,Reason:shutdown

=ERROR REPORT==== 2016-02-05 23:48:54 ===
W(<0.63.0>:tcp_acceptor:54) : LSock Colsed:#Port<0.2452>

=ERROR REPORT==== 2016-02-05 23:48:54 ===
W(<0.64.0>:tcp_acceptor:54) : LSock Colsed:#Port<0.2452>

=ERROR REPORT==== 2016-02-05 23:48:54 ===
W(<0.66.0>:tcp_acceptor:54) : LSock Colsed:#Port<0.2452>

=ERROR REPORT==== 2016-02-05 23:48:54 ===
W(<0.67.0>:tcp_acceptor:54) : LSock Colsed:#Port<0.2452>

=ERROR REPORT==== 2016-02-05 23:48:54 ===
W(<0.65.0>:tcp_acceptor:54) : LSock Colsed:#Port<0.2452>

=ERROR REPORT==== 2016-02-05 23:48:54 ===
W(<0.69.0>:tcp_acceptor:54) : LSock Colsed:#Port<0.2452>

=ERROR REPORT==== 2016-02-05 23:48:54 ===
W(<0.70.0>:tcp_acceptor:54) : LSock Colsed:#Port<0.2452>

=ERROR REPORT==== 2016-02-05 23:48:54 ===
W(<0.71.0>:tcp_acceptor:54) : LSock Colsed:#Port<0.2452>

=ERROR REPORT==== 2016-02-05 23:48:54 ===
W(<0.68.0>:tcp_acceptor:54) : LSock Colsed:#Port<0.2452>

=ERROR REPORT==== 2016-02-05 23:48:54 ===
W(<0.72.0>:tcp_acceptor:54) : LSock Colsed:#Port<0.2452>

=INFO REPORT==== 2016-02-05 23:48:54 ===
    application: server
    exited: stopped
    type: temporary
