
=INFO REPORT==== 2016-03-12 05:43:46 ===
I(<0.63.0>:tcp_acceptor:27) : +++++++++++ LSock:#Port<0.2732> +++++++++++

=INFO REPORT==== 2016-03-12 05:43:46 ===
I(<0.64.0>:tcp_acceptor:27) : +++++++++++ LSock:#Port<0.2732> +++++++++++

=INFO REPORT==== 2016-03-12 05:43:46 ===
I(<0.65.0>:tcp_acceptor:27) : +++++++++++ LSock:#Port<0.2732> +++++++++++

=INFO REPORT==== 2016-03-12 05:43:46 ===
I(<0.66.0>:tcp_acceptor:27) : +++++++++++ LSock:#Port<0.2732> +++++++++++

=INFO REPORT==== 2016-03-12 05:43:46 ===
I(<0.67.0>:tcp_acceptor:27) : +++++++++++ LSock:#Port<0.2732> +++++++++++

=INFO REPORT==== 2016-03-12 05:43:46 ===
I(<0.68.0>:tcp_acceptor:27) : +++++++++++ LSock:#Port<0.2732> +++++++++++

=INFO REPORT==== 2016-03-12 05:43:46 ===
I(<0.69.0>:tcp_acceptor:27) : +++++++++++ LSock:#Port<0.2732> +++++++++++

=INFO REPORT==== 2016-03-12 05:43:46 ===
I(<0.70.0>:tcp_acceptor:27) : +++++++++++ LSock:#Port<0.2732> +++++++++++

=INFO REPORT==== 2016-03-12 05:43:46 ===
I(<0.71.0>:tcp_acceptor:27) : +++++++++++ LSock:#Port<0.2732> +++++++++++

=INFO REPORT==== 2016-03-12 05:43:46 ===
I(<0.72.0>:tcp_acceptor:27) : +++++++++++ LSock:#Port<0.2732> +++++++++++

=INFO REPORT==== 2016-03-12 05:43:46 ===
I(<0.74.0>:tcp_acceptor:27) : +++++++++++ LSock:#Port<0.2737> +++++++++++

=INFO REPORT==== 2016-03-12 05:43:46 ===
I(<0.75.0>:tcp_acceptor:27) : +++++++++++ LSock:#Port<0.2737> +++++++++++

=INFO REPORT==== 2016-03-12 05:43:46 ===
I(<0.76.0>:tcp_acceptor:27) : +++++++++++ LSock:#Port<0.2737> +++++++++++

=INFO REPORT==== 2016-03-12 05:43:46 ===
I(<0.77.0>:tcp_acceptor:27) : +++++++++++ LSock:#Port<0.2737> +++++++++++

=INFO REPORT==== 2016-03-12 05:43:46 ===
I(<0.78.0>:tcp_acceptor:27) : +++++++++++ LSock:#Port<0.2737> +++++++++++

=INFO REPORT==== 2016-03-12 05:43:46 ===
I(<0.79.0>:tcp_acceptor:27) : +++++++++++ LSock:#Port<0.2737> +++++++++++

=INFO REPORT==== 2016-03-12 05:43:46 ===
I(<0.80.0>:tcp_acceptor:27) : +++++++++++ LSock:#Port<0.2737> +++++++++++

=INFO REPORT==== 2016-03-12 05:43:46 ===
I(<0.81.0>:tcp_acceptor:27) : +++++++++++ LSock:#Port<0.2737> +++++++++++

=INFO REPORT==== 2016-03-12 05:43:46 ===
I(<0.82.0>:tcp_acceptor:27) : +++++++++++ LSock:#Port<0.2737> +++++++++++

=INFO REPORT==== 2016-03-12 05:43:46 ===
I(<0.83.0>:tcp_acceptor:27) : +++++++++++ LSock:#Port<0.2737> +++++++++++

=ERROR REPORT==== 2016-03-12 05:43:46 ===
W(<0.51.0>:edb:37) : Host:[49,50,55,46,48,46,48,46,49], User:[114,111,111,116], Password:[49,50,51,52,53,54], Encode:utf8, DbName:undefined, Port:3306

=ERROR REPORT==== 2016-03-12 05:43:47 ===
W(<0.51.0>:edb:75) : have database db_name:"zbb_1"

=ERROR REPORT==== 2016-03-12 05:43:48 ===
W(<0.51.0>:edb:85) : change database res:0

=INFO REPORT==== 2016-03-12 05:44:15 ===
I(<0.127.0>:srv_reader:39) : Set Socket:#Port<0.3465>

=ERROR REPORT==== 2016-03-12 05:44:23 ===
W(<0.127.0>:srv_reader:65) : Len:14

=INFO REPORT==== 2016-03-12 05:44:23 ===
I(<0.127.0>:srv_reader:79) : Recevie Packet Length 14,Bin:<<0,0,86,227,60,41,0,0,0,0,39,21,8,1>>

=ERROR REPORT==== 2016-03-12 05:44:23 ===
E(<0.127.0>:game_gen_server:109) : srv_reader error reason of do_info,Reason:function_clause,Info:{inet_async,#Port<0.3465>,60,{ok,<<0,0,86,227,60,41,0,0,0,0,39,21,8,1>>}},[{proto_10_pb,decode,[c2s10005,<<8,1>>],[{file,[115,114,99,47,112,114,111,116,111,95,49,48,95,112,98,46,101,114,108]},{line,135}]},{protobuf_encode,decode_body,3,[{file,[115,114,99,47,107,101,114,110,101,108,47,112,114,111,116,111,98,117,102,95,101,110,99,111,100,101,46,101,114,108]},{line,109}]},{protobuf_encode,decode_no_decrypt,2,[{file,[115,114,99,47,107,101,114,110,101,108,47,112,114,111,116,111,98,117,102,95,101,110,99,111,100,101,46,101,114,108]},{line,95}]},{srv_reader,do_info,2,[{file,[115,114,99,47,107,101,114,110,101,108,47,115,114,118,95,114,101,97,100,101,114,46,101,114,108]},{line,80}]},{game_gen_server,handle_info,2,[{file,[115,114,99,47,107,101,114,110,101,108,47,103,97,109,101,95,103,101,110,95,115,101,114,118,101,114,46,101,114,108]},{line,106}]},{gen_server,try_dispatch,4,[{file,[103,101,110,95,115,101,114,118,101,114,46,101,114,108]},{line,593}]},{gen_server,handle_msg,5,[{file,[103,101,110,95,115,101,114,118,101,114,46,101,114,108]},{line,659}]},{proc_lib,init_p_do_apply,3,[{file,[112,114,111,99,95,108,105,98,46,101,114,108]},{line,237}]}]
