
=INFO REPORT==== 2016-02-23 01:23:58 ===
I(<0.63.0>:tcp_acceptor:27) : +++++++++++ LSock:#Port<0.2452> +++++++++++

=INFO REPORT==== 2016-02-23 01:23:58 ===
I(<0.64.0>:tcp_acceptor:27) : +++++++++++ LSock:#Port<0.2452> +++++++++++

=INFO REPORT==== 2016-02-23 01:23:58 ===
I(<0.65.0>:tcp_acceptor:27) : +++++++++++ LSock:#Port<0.2452> +++++++++++

=INFO REPORT==== 2016-02-23 01:23:58 ===
I(<0.66.0>:tcp_acceptor:27) : +++++++++++ LSock:#Port<0.2452> +++++++++++

=INFO REPORT==== 2016-02-23 01:23:58 ===
I(<0.67.0>:tcp_acceptor:27) : +++++++++++ LSock:#Port<0.2452> +++++++++++

=INFO REPORT==== 2016-02-23 01:23:58 ===
I(<0.68.0>:tcp_acceptor:27) : +++++++++++ LSock:#Port<0.2452> +++++++++++

=INFO REPORT==== 2016-02-23 01:23:58 ===
I(<0.69.0>:tcp_acceptor:27) : +++++++++++ LSock:#Port<0.2452> +++++++++++

=INFO REPORT==== 2016-02-23 01:23:58 ===
I(<0.70.0>:tcp_acceptor:27) : +++++++++++ LSock:#Port<0.2452> +++++++++++

=INFO REPORT==== 2016-02-23 01:23:58 ===
I(<0.71.0>:tcp_acceptor:27) : +++++++++++ LSock:#Port<0.2452> +++++++++++

=INFO REPORT==== 2016-02-23 01:23:58 ===
I(<0.72.0>:tcp_acceptor:27) : +++++++++++ LSock:#Port<0.2452> +++++++++++

=INFO REPORT==== 2016-02-23 01:23:58 ===
I(<0.74.0>:tcp_acceptor:27) : +++++++++++ LSock:#Port<0.2455> +++++++++++

=INFO REPORT==== 2016-02-23 01:23:58 ===
I(<0.75.0>:tcp_acceptor:27) : +++++++++++ LSock:#Port<0.2455> +++++++++++

=INFO REPORT==== 2016-02-23 01:23:58 ===
I(<0.76.0>:tcp_acceptor:27) : +++++++++++ LSock:#Port<0.2455> +++++++++++

=INFO REPORT==== 2016-02-23 01:23:58 ===
I(<0.77.0>:tcp_acceptor:27) : +++++++++++ LSock:#Port<0.2455> +++++++++++

=INFO REPORT==== 2016-02-23 01:23:58 ===
I(<0.78.0>:tcp_acceptor:27) : +++++++++++ LSock:#Port<0.2455> +++++++++++

=INFO REPORT==== 2016-02-23 01:23:58 ===
I(<0.79.0>:tcp_acceptor:27) : +++++++++++ LSock:#Port<0.2455> +++++++++++

=INFO REPORT==== 2016-02-23 01:23:58 ===
I(<0.80.0>:tcp_acceptor:27) : +++++++++++ LSock:#Port<0.2455> +++++++++++

=INFO REPORT==== 2016-02-23 01:23:58 ===
I(<0.81.0>:tcp_acceptor:27) : +++++++++++ LSock:#Port<0.2455> +++++++++++

=INFO REPORT==== 2016-02-23 01:23:58 ===
I(<0.82.0>:tcp_acceptor:27) : +++++++++++ LSock:#Port<0.2455> +++++++++++

=INFO REPORT==== 2016-02-23 01:23:58 ===
I(<0.83.0>:tcp_acceptor:27) : +++++++++++ LSock:#Port<0.2455> +++++++++++

=ERROR REPORT==== 2016-02-23 01:23:59 ===
W(<0.51.0>:edb:37) : Host:[49,50,55,46,48,46,48,46,49], User:[114,111,111,116], Password:[49,50,51,52,53,54], Encode:utf8, DbName:undefined, Port:3306

=ERROR REPORT==== 2016-02-23 01:24:01 ===
W(<0.51.0>:edb:75) : have database db_name:"zbb_1"

=ERROR REPORT==== 2016-02-23 01:24:02 ===
W(<0.51.0>:edb:85) : change database res:0

=ERROR REPORT==== 2016-02-23 01:24:12 ===
W(<0.123.0>:game_reloader:60) : all module:[]

=ERROR REPORT==== 2016-02-23 01:41:44 ===
W(<0.146.0>:game_reloader:60) : all module:[]

=ERROR REPORT==== 2016-02-23 01:42:09 ===
W(<0.149.0>:game_reloader:60) : all module:[]

=ERROR REPORT==== 2016-02-23 01:42:28 ===
W(<0.152.0>:game_reloader:60) : all module:[sort_test]

=ERROR REPORT==== 2016-02-23 01:42:28 ===
W(<0.152.0>:game_reloader:92) : Node:'game_zbb_s1_38001@172.19.17.102' Reloading sort_test ...

=ERROR REPORT==== 2016-02-23 01:42:28 ===
W(<0.152.0>:game_reloader:97) : Node:'game_zbb_s1_38001@172.19.17.102',Reload:sort_test,ok


=ERROR REPORT==== 2016-02-23 01:42:28 ===
W(<0.152.0>:game_reloader:113) : reload sort_test ok.

=ERROR REPORT==== 2016-02-23 01:44:12 ===
W(<0.159.0>:game_reloader:60) : all module:[sort_test]

=ERROR REPORT==== 2016-02-23 01:44:12 ===
W(<0.159.0>:game_reloader:92) : Node:'game_zbb_s1_38001@172.19.17.102' Reloading sort_test ...

=ERROR REPORT==== 2016-02-23 01:44:12 ===
W(<0.159.0>:game_reloader:97) : Node:'game_zbb_s1_38001@172.19.17.102',Reload:sort_test,ok


=ERROR REPORT==== 2016-02-23 01:44:12 ===
W(<0.159.0>:game_reloader:113) : reload sort_test ok.

=ERROR REPORT==== 2016-02-23 01:46:52 ===
W(<0.163.0>:game_reloader:60) : all module:[sort_test]

=ERROR REPORT==== 2016-02-23 01:46:52 ===
W(<0.163.0>:game_reloader:92) : Node:'game_zbb_s1_38001@172.19.17.102' Reloading sort_test ...

=ERROR REPORT==== 2016-02-23 01:46:52 ===
W(<0.163.0>:game_reloader:97) : Node:'game_zbb_s1_38001@172.19.17.102',Reload:sort_test,ok


=ERROR REPORT==== 2016-02-23 01:46:52 ===
W(<0.163.0>:game_reloader:113) : reload sort_test ok.

=ERROR REPORT==== 2016-02-23 01:57:04 ===
W(<0.170.0>:game_reloader:60) : all module:[]

=ERROR REPORT==== 2016-02-23 01:57:28 ===
W(<0.173.0>:game_reloader:60) : all module:[sort_test]

=ERROR REPORT==== 2016-02-23 01:57:28 ===
W(<0.173.0>:game_reloader:92) : Node:'game_zbb_s1_38001@172.19.17.102' Reloading sort_test ...

=ERROR REPORT==== 2016-02-23 01:57:28 ===
W(<0.173.0>:game_reloader:97) : Node:'game_zbb_s1_38001@172.19.17.102',Reload:sort_test,ok


=ERROR REPORT==== 2016-02-23 01:57:28 ===
W(<0.173.0>:game_reloader:113) : reload sort_test ok.

=ERROR REPORT==== 2016-02-23 01:57:37 ===
W(<0.176.0>:game_reloader:60) : all module:[sort_test]

=ERROR REPORT==== 2016-02-23 01:57:37 ===
W(<0.176.0>:game_reloader:92) : Node:'game_zbb_s1_38001@172.19.17.102' Reloading sort_test ...

=ERROR REPORT==== 2016-02-23 01:57:37 ===
W(<0.176.0>:game_reloader:97) : Node:'game_zbb_s1_38001@172.19.17.102',Reload:sort_test,ok


=ERROR REPORT==== 2016-02-23 01:57:37 ===
W(<0.176.0>:game_reloader:113) : reload sort_test ok.

=ERROR REPORT==== 2016-02-23 01:58:28 ===
W(<0.182.0>:game_reloader:60) : all module:[sort_test]

=ERROR REPORT==== 2016-02-23 01:58:28 ===
W(<0.182.0>:game_reloader:92) : Node:'game_zbb_s1_38001@172.19.17.102' Reloading sort_test ...

=ERROR REPORT==== 2016-02-23 01:58:28 ===
W(<0.182.0>:game_reloader:97) : Node:'game_zbb_s1_38001@172.19.17.102',Reload:sort_test,ok


=ERROR REPORT==== 2016-02-23 01:58:28 ===
W(<0.182.0>:game_reloader:113) : reload sort_test ok.

=ERROR REPORT==== 2016-02-23 04:26:32 ===
W(<0.197.0>:game_reloader:60) : all module:[sort_test]

=ERROR REPORT==== 2016-02-23 04:26:32 ===
W(<0.197.0>:game_reloader:92) : Node:'game_zbb_s1_38001@172.19.17.102' Reloading sort_test ...

=ERROR REPORT==== 2016-02-23 04:26:32 ===
W(<0.197.0>:game_reloader:97) : Node:'game_zbb_s1_38001@172.19.17.102',Reload:sort_test,ok


=ERROR REPORT==== 2016-02-23 04:26:32 ===
W(<0.197.0>:game_reloader:113) : reload sort_test ok.

=ERROR REPORT==== 2016-02-23 04:27:09 ===
W(<0.202.0>:game_reloader:60) : all module:[sort_test]

=ERROR REPORT==== 2016-02-23 04:27:09 ===
W(<0.202.0>:game_reloader:92) : Node:'game_zbb_s1_38001@172.19.17.102' Reloading sort_test ...

=ERROR REPORT==== 2016-02-23 04:27:09 ===
W(<0.202.0>:game_reloader:97) : Node:'game_zbb_s1_38001@172.19.17.102',Reload:sort_test,ok


=ERROR REPORT==== 2016-02-23 04:27:09 ===
W(<0.202.0>:game_reloader:113) : reload sort_test ok.

=ERROR REPORT==== 2016-02-23 04:27:17 ===
W(<0.206.0>:game_reloader:60) : all module:[sort_test]

=ERROR REPORT==== 2016-02-23 04:27:17 ===
W(<0.206.0>:game_reloader:92) : Node:'game_zbb_s1_38001@172.19.17.102' Reloading sort_test ...

=ERROR REPORT==== 2016-02-23 04:27:17 ===
W(<0.206.0>:game_reloader:97) : Node:'game_zbb_s1_38001@172.19.17.102',Reload:sort_test,ok


=ERROR REPORT==== 2016-02-23 04:27:17 ===
W(<0.206.0>:game_reloader:113) : reload sort_test ok.
