
=INFO REPORT==== 2016-01-17 07:43:02 ===
I(<0.63.0>:tcp_acceptor:27) : +++++++++++ LSock:#Port<0.2522> +++++++++++

=INFO REPORT==== 2016-01-17 07:43:02 ===
I(<0.64.0>:tcp_acceptor:27) : +++++++++++ LSock:#Port<0.2522> +++++++++++

=INFO REPORT==== 2016-01-17 07:43:02 ===
I(<0.65.0>:tcp_acceptor:27) : +++++++++++ LSock:#Port<0.2522> +++++++++++

=INFO REPORT==== 2016-01-17 07:43:02 ===
I(<0.66.0>:tcp_acceptor:27) : +++++++++++ LSock:#Port<0.2522> +++++++++++

=INFO REPORT==== 2016-01-17 07:43:02 ===
I(<0.67.0>:tcp_acceptor:27) : +++++++++++ LSock:#Port<0.2522> +++++++++++

=INFO REPORT==== 2016-01-17 07:43:02 ===
I(<0.68.0>:tcp_acceptor:27) : +++++++++++ LSock:#Port<0.2522> +++++++++++

=INFO REPORT==== 2016-01-17 07:43:02 ===
I(<0.69.0>:tcp_acceptor:27) : +++++++++++ LSock:#Port<0.2522> +++++++++++

=INFO REPORT==== 2016-01-17 07:43:02 ===
I(<0.70.0>:tcp_acceptor:27) : +++++++++++ LSock:#Port<0.2522> +++++++++++

=INFO REPORT==== 2016-01-17 07:43:02 ===
I(<0.71.0>:tcp_acceptor:27) : +++++++++++ LSock:#Port<0.2522> +++++++++++

=INFO REPORT==== 2016-01-17 07:43:02 ===
I(<0.72.0>:tcp_acceptor:27) : +++++++++++ LSock:#Port<0.2522> +++++++++++

=INFO REPORT==== 2016-01-17 07:43:02 ===
I(<0.74.0>:tcp_acceptor:27) : +++++++++++ LSock:#Port<0.2525> +++++++++++

=INFO REPORT==== 2016-01-17 07:43:02 ===
I(<0.75.0>:tcp_acceptor:27) : +++++++++++ LSock:#Port<0.2525> +++++++++++

=INFO REPORT==== 2016-01-17 07:43:02 ===
I(<0.76.0>:tcp_acceptor:27) : +++++++++++ LSock:#Port<0.2525> +++++++++++

=INFO REPORT==== 2016-01-17 07:43:02 ===
I(<0.77.0>:tcp_acceptor:27) : +++++++++++ LSock:#Port<0.2525> +++++++++++

=INFO REPORT==== 2016-01-17 07:43:02 ===
I(<0.78.0>:tcp_acceptor:27) : +++++++++++ LSock:#Port<0.2525> +++++++++++

=INFO REPORT==== 2016-01-17 07:43:02 ===
I(<0.79.0>:tcp_acceptor:27) : +++++++++++ LSock:#Port<0.2525> +++++++++++

=INFO REPORT==== 2016-01-17 07:43:02 ===
I(<0.80.0>:tcp_acceptor:27) : +++++++++++ LSock:#Port<0.2525> +++++++++++

=INFO REPORT==== 2016-01-17 07:43:02 ===
I(<0.81.0>:tcp_acceptor:27) : +++++++++++ LSock:#Port<0.2525> +++++++++++

=INFO REPORT==== 2016-01-17 07:43:02 ===
I(<0.82.0>:tcp_acceptor:27) : +++++++++++ LSock:#Port<0.2525> +++++++++++

=INFO REPORT==== 2016-01-17 07:43:02 ===
I(<0.83.0>:tcp_acceptor:27) : +++++++++++ LSock:#Port<0.2525> +++++++++++

=ERROR REPORT==== 2016-01-17 07:43:02 ===
W(<0.52.0>:edb:36) : Host:[49,50,55,46,48,46,48,46,49], User:[114,111,111,116], Password:[49,50,51,52,53,54], Encode:utf8, DbName:undefined, Port:3306

=ERROR REPORT==== 2016-01-17 07:43:03 ===
W(<0.52.0>:edb:76) : have database db_name:"zbb_1"

=ERROR REPORT==== 2016-01-17 07:43:04 ===
W(<0.52.0>:edb:86) : change database res:0

=ERROR REPORT==== 2016-01-17 07:46:26 ===
W(<0.42.0>:edb_util:57) : Mysql Query Error, Msg:[89,111,117,32,104,97,118,101,32,97,110,32,101,114,114,111,114,32,105,110,32,121,111,117,114,32,83,81,76,32,115,121,110,116,97,120,59,32,99,104,101,99,107,32,116,104,101,32,109,97,110,117,97,108,32,116,104,97,116,32,99,111,114,114,101,115,112,111,110,100,115,32,116,111,32,121,111,117,114,32,77,121,83,81,76,32,115,101,114,118,101,114,32,118,101,114,115,105,111,110,32,102,111,114,32,116,104,101,32,114,105,103,104,116,32,115,121,110,116,97,120,32,116,111,32,117,115,101,32,110,101,97,114,32,39,60,60,34,97,98,99,34,62,62,41,39,32,97,116,32,108,105,110,101,32,49], Sql:[73,78,83,69,82,84,32,73,78,84,79,32,96,108,111,103,95,101,114,114,111,114,96,32,86,65,76,85,69,83,32,40,49,44,49,44,60,60,34,97,98,99,34,62,62,41],[]

=ERROR REPORT==== 2016-01-17 07:47:01 ===
W(<0.111.0>:edb_util:57) : Mysql Query Error, Msg:[89,111,117,32,104,97,118,101,32,97,110,32,101,114,114,111,114,32,105,110,32,121,111,117,114,32,83,81,76,32,115,121,110,116,97,120,59,32,99,104,101,99,107,32,116,104,101,32,109,97,110,117,97,108,32,116,104,97,116,32,99,111,114,114,101,115,112,111,110,100,115,32,116,111,32,121,111,117,114,32,77,121,83,81,76,32,115,101,114,118,101,114,32,118,101,114,115,105,111,110,32,102,111,114,32,116,104,101,32,114,105,103,104,116,32,115,121,110,116,97,120,32,116,111,32,117,115,101,32,110,101,97,114,32,39,60,60,34,97,98,99,34,62,62,41,39,32,97,116,32,108,105,110,101,32,49], Sql:[73,78,83,69,82,84,32,73,78,84,79,32,96,108,111,103,95,101,114,114,111,114,96,32,86,65,76,85,69,83,32,40,48,44,32,49,44,49,44,60,60,34,97,98,99,34,62,62,41],[]

=ERROR REPORT==== 2016-01-17 07:47:49 ===
W(<0.114.0>:edb_util:57) : Mysql Query Error, Msg:[67,111,108,117,109,110,32,99,111,117,110,116,32,100,111,101,115,110,39,116,32,109,97,116,99,104,32,118,97,108,117,101,32,99,111,117,110,116,32,97,116,32,114,111,119,32,49], Sql:[73,78,83,69,82,84,32,73,78,84,79,32,96,108,111,103,95,101,114,114,111,114,96,32,86,65,76,85,69,83,32,40,50,44,49,44,34,97,98,99,34,41],[]
