
=INFO REPORT==== 2016-02-17 22:23:53 ===
I(<0.63.0>:tcp_acceptor:27) : +++++++++++ LSock:#Port<0.2452> +++++++++++

=INFO REPORT==== 2016-02-17 22:23:53 ===
I(<0.64.0>:tcp_acceptor:27) : +++++++++++ LSock:#Port<0.2452> +++++++++++

=INFO REPORT==== 2016-02-17 22:23:53 ===
I(<0.65.0>:tcp_acceptor:27) : +++++++++++ LSock:#Port<0.2452> +++++++++++

=INFO REPORT==== 2016-02-17 22:23:53 ===
I(<0.66.0>:tcp_acceptor:27) : +++++++++++ LSock:#Port<0.2452> +++++++++++

=INFO REPORT==== 2016-02-17 22:23:53 ===
I(<0.67.0>:tcp_acceptor:27) : +++++++++++ LSock:#Port<0.2452> +++++++++++

=INFO REPORT==== 2016-02-17 22:23:53 ===
I(<0.68.0>:tcp_acceptor:27) : +++++++++++ LSock:#Port<0.2452> +++++++++++

=INFO REPORT==== 2016-02-17 22:23:53 ===
I(<0.69.0>:tcp_acceptor:27) : +++++++++++ LSock:#Port<0.2452> +++++++++++

=INFO REPORT==== 2016-02-17 22:23:53 ===
I(<0.70.0>:tcp_acceptor:27) : +++++++++++ LSock:#Port<0.2452> +++++++++++

=INFO REPORT==== 2016-02-17 22:23:53 ===
I(<0.71.0>:tcp_acceptor:27) : +++++++++++ LSock:#Port<0.2452> +++++++++++

=INFO REPORT==== 2016-02-17 22:23:53 ===
I(<0.72.0>:tcp_acceptor:27) : +++++++++++ LSock:#Port<0.2452> +++++++++++

=INFO REPORT==== 2016-02-17 22:23:53 ===
I(<0.74.0>:tcp_acceptor:27) : +++++++++++ LSock:#Port<0.2455> +++++++++++

=INFO REPORT==== 2016-02-17 22:23:53 ===
I(<0.75.0>:tcp_acceptor:27) : +++++++++++ LSock:#Port<0.2455> +++++++++++

=INFO REPORT==== 2016-02-17 22:23:53 ===
I(<0.76.0>:tcp_acceptor:27) : +++++++++++ LSock:#Port<0.2455> +++++++++++

=INFO REPORT==== 2016-02-17 22:23:53 ===
I(<0.77.0>:tcp_acceptor:27) : +++++++++++ LSock:#Port<0.2455> +++++++++++

=INFO REPORT==== 2016-02-17 22:23:53 ===
I(<0.78.0>:tcp_acceptor:27) : +++++++++++ LSock:#Port<0.2455> +++++++++++

=INFO REPORT==== 2016-02-17 22:23:53 ===
I(<0.79.0>:tcp_acceptor:27) : +++++++++++ LSock:#Port<0.2455> +++++++++++

=INFO REPORT==== 2016-02-17 22:23:53 ===
I(<0.80.0>:tcp_acceptor:27) : +++++++++++ LSock:#Port<0.2455> +++++++++++

=INFO REPORT==== 2016-02-17 22:23:53 ===
I(<0.81.0>:tcp_acceptor:27) : +++++++++++ LSock:#Port<0.2455> +++++++++++

=INFO REPORT==== 2016-02-17 22:23:53 ===
I(<0.82.0>:tcp_acceptor:27) : +++++++++++ LSock:#Port<0.2455> +++++++++++

=INFO REPORT==== 2016-02-17 22:23:53 ===
I(<0.83.0>:tcp_acceptor:27) : +++++++++++ LSock:#Port<0.2455> +++++++++++

=ERROR REPORT==== 2016-02-17 22:23:53 ===
W(<0.51.0>:edb:37) : Host:[49,50,55,46,48,46,48,46,49], User:[114,111,111,116], Password:[49,50,51,52,53,54], Encode:utf8, DbName:undefined, Port:3306

=ERROR REPORT==== 2016-02-17 22:23:54 ===
W(<0.51.0>:edb:75) : have database db_name:"zbb_1"

=ERROR REPORT==== 2016-02-17 22:23:55 ===
W(<0.51.0>:edb:85) : change database res:0

=ERROR REPORT==== 2016-02-17 22:32:46 ===
W(<0.153.0>:game_reloader:60) : all module:[game_gen_server]

=ERROR REPORT==== 2016-02-17 22:32:46 ===
W(<0.153.0>:game_reloader:92) : Node:'game_zbb_s1_38001@172.19.17.102' Reloading game_gen_server ...

=ERROR REPORT==== 2016-02-17 22:32:46 ===
W(<0.153.0>:game_reloader:97) : Node:'game_zbb_s1_38001@172.19.17.102',Reload:game_gen_server,ok


=ERROR REPORT==== 2016-02-17 22:32:46 ===
W(<0.153.0>:game_reloader:113) : reload game_gen_server ok.

=ERROR REPORT==== 2016-02-17 22:33:08 ===
W(<0.114.0>:game_gen_server:91) : srv_map_manager error reason of do_call,Reason:undef,From:{<0.140.0>,#Ref<0.0.0.5640>},Info:{apply,erlang,get1,[]},[{erlang,get1,[],[]},{game_gen_server,do_call,3,[{file,[115,114,99,47,107,101,114,110,101,108,47,103,97,109,101,95,103,101,110,95,115,101,114,118,101,114,46,101,114,108]},{line,128}]},{game_gen_server,handle_call,3,[{file,[115,114,99,47,107,101,114,110,101,108,47,103,97,109,101,95,103,101,110,95,115,101,114,118,101,114,46,101,114,108]},{line,88}]},{gen_server,try_handle_call,4,[{file,[103,101,110,95,115,101,114,118,101,114,46,101,114,108]},{line,607}]},{gen_server,handle_msg,5,[{file,[103,101,110,95,115,101,114,118,101,114,46,101,114,108]},{line,639}]},{proc_lib,init_p_do_apply,3,[{file,[112,114,111,99,95,108,105,98,46,101,114,108]},{line,237}]}]

=ERROR REPORT==== 2016-02-17 22:33:43 ===
W(<0.114.0>:game_gen_server:91) : srv_map_manager error reason of do_call,Reason:undef,From:{<0.159.0>,#Ref<0.0.0.5987>},Info:{apply,erlang1,get,[]},[{erlang1,get,[],[]},{game_gen_server,do_call,3,[{file,[115,114,99,47,107,101,114,110,101,108,47,103,97,109,101,95,103,101,110,95,115,101,114,118,101,114,46,101,114,108]},{line,128}]},{game_gen_server,handle_call,3,[{file,[115,114,99,47,107,101,114,110,101,108,47,103,97,109,101,95,103,101,110,95,115,101,114,118,101,114,46,101,114,108]},{line,88}]},{gen_server,try_handle_call,4,[{file,[103,101,110,95,115,101,114,118,101,114,46,101,114,108]},{line,607}]},{gen_server,handle_msg,5,[{file,[103,101,110,95,115,101,114,118,101,114,46,101,114,108]},{line,639}]},{proc_lib,init_p_do_apply,3,[{file,[112,114,111,99,95,108,105,98,46,101,114,108]},{line,237}]}]

=ERROR REPORT==== 2016-02-17 22:36:33 ===
W(<0.165.0>:game_reloader:60) : all module:[game_gen_server]

=ERROR REPORT==== 2016-02-17 22:36:33 ===
W(<0.165.0>:game_reloader:92) : Node:'game_zbb_s1_38001@172.19.17.102' Reloading game_gen_server ...

=ERROR REPORT==== 2016-02-17 22:36:33 ===
W(<0.165.0>:game_reloader:97) : Node:'game_zbb_s1_38001@172.19.17.102',Reload:game_gen_server,ok


=ERROR REPORT==== 2016-02-17 22:36:33 ===
W(<0.165.0>:game_reloader:113) : reload game_gen_server ok.

=ERROR REPORT==== 2016-02-17 22:36:37 ===
ERROR: "E(~p:~p:~p) : ~w error reason of do_call,Reason:~w,From:~w,Info:~w~n" - [<0.114.0>,
                                                                                                         game_gen_server,
                                                                                                         91,
                                                                                                         srv_map_manager,
                                                                                                         undef,
                                                                                                         {<0.159.0>,
                                                                                                          #Ref<0.0.0.7711>},
                                                                                                         {apply,
                                                                                                          erlang,
                                                                                                          get1,
                                                                                                          []},
                                                                                                         [{erlang,
                                                                                                           get1,
                                                                                                           [],
                                                                                                           []},
                                                                                                          {game_gen_server,
                                                                                                           do_call,
                                                                                                           3,
                                                                                                           [{file,
                                                                                                             "src/kernel/game_gen_server.erl"},
                                                                                                            {line,
                                                                                                             128}]},
                                                                                                          {game_gen_server,
                                                                                                           handle_call,
                                                                                                           3,
                                                                                                           [{file,
                                                                                                             "src/kernel/game_gen_server.erl"},
                                                                                                            {line,
                                                                                                             88}]},
                                                                                                          {gen_server,
                                                                                                           try_handle_call,
                                                                                                           4,
                                                                                                           [{file,
                                                                                                             "gen_server.erl"},
                                                                                                            {line,
                                                                                                             607}]},
                                                                                                          {gen_server,
                                                                                                           handle_msg,
                                                                                                           5,
                                                                                                           [{file,
                                                                                                             "gen_server.erl"},
                                                                                                            {line,
                                                                                                             639}]},
                                                                                                          {proc_lib,
                                                                                                           init_p_do_apply,
                                                                                                           3,
                                                                                                           [{file,
                                                                                                             "proc_lib.erl"},
                                                                                                            {line,
                                                                                                             237}]}]]

=ERROR REPORT==== 2016-02-17 22:38:19 ===
W(<0.170.0>:game_reloader:60) : all module:[game_gen_server]

=ERROR REPORT==== 2016-02-17 22:38:19 ===
W(<0.170.0>:game_reloader:92) : Node:'game_zbb_s1_38001@172.19.17.102' Reloading game_gen_server ...

=ERROR REPORT==== 2016-02-17 22:38:19 ===
W(<0.170.0>:game_reloader:97) : Node:'game_zbb_s1_38001@172.19.17.102',Reload:game_gen_server,ok


=ERROR REPORT==== 2016-02-17 22:38:19 ===
W(<0.170.0>:game_reloader:113) : reload game_gen_server ok.

=ERROR REPORT==== 2016-02-17 22:38:21 ===
E(<0.114.0>:game_gen_server:91) : srv_map_manager error reason of do_call,Reason:undef,From:{<0.159.0>,#Ref<0.0.0.8734>},Info:{apply,erlang,get1,[]},[{erlang,get1,[],[]},{game_gen_server,do_call,3,[{file,[115,114,99,47,107,101,114,110,101,108,47,103,97,109,101,95,103,101,110,95,115,101,114,118,101,114,46,101,114,108]},{line,128}]},{game_gen_server,handle_call,3,[{file,[115,114,99,47,107,101,114,110,101,108,47,103,97,109,101,95,103,101,110,95,115,101,114,118,101,114,46,101,114,108]},{line,88}]},{gen_server,try_handle_call,4,[{file,[103,101,110,95,115,101,114,118,101,114,46,101,114,108]},{line,607}]},{gen_server,handle_msg,5,[{file,[103,101,110,95,115,101,114,118,101,114,46,101,114,108]},{line,639}]},{proc_lib,init_p_do_apply,3,[{file,[112,114,111,99,95,108,105,98,46,101,114,108]},{line,237}]}]
