
=INFO REPORT==== 2016-03-12 04:20:41 ===
I(<0.63.0>:tcp_acceptor:27) : +++++++++++ LSock:#Port<0.2733> +++++++++++

=INFO REPORT==== 2016-03-12 04:20:41 ===
I(<0.64.0>:tcp_acceptor:27) : +++++++++++ LSock:#Port<0.2733> +++++++++++

=INFO REPORT==== 2016-03-12 04:20:41 ===
I(<0.65.0>:tcp_acceptor:27) : +++++++++++ LSock:#Port<0.2733> +++++++++++

=INFO REPORT==== 2016-03-12 04:20:41 ===
I(<0.66.0>:tcp_acceptor:27) : +++++++++++ LSock:#Port<0.2733> +++++++++++

=INFO REPORT==== 2016-03-12 04:20:41 ===
I(<0.67.0>:tcp_acceptor:27) : +++++++++++ LSock:#Port<0.2733> +++++++++++

=INFO REPORT==== 2016-03-12 04:20:41 ===
I(<0.68.0>:tcp_acceptor:27) : +++++++++++ LSock:#Port<0.2733> +++++++++++

=INFO REPORT==== 2016-03-12 04:20:41 ===
I(<0.69.0>:tcp_acceptor:27) : +++++++++++ LSock:#Port<0.2733> +++++++++++

=INFO REPORT==== 2016-03-12 04:20:41 ===
I(<0.70.0>:tcp_acceptor:27) : +++++++++++ LSock:#Port<0.2733> +++++++++++

=INFO REPORT==== 2016-03-12 04:20:41 ===
I(<0.71.0>:tcp_acceptor:27) : +++++++++++ LSock:#Port<0.2733> +++++++++++

=INFO REPORT==== 2016-03-12 04:20:41 ===
I(<0.72.0>:tcp_acceptor:27) : +++++++++++ LSock:#Port<0.2733> +++++++++++

=INFO REPORT==== 2016-03-12 04:20:41 ===
I(<0.74.0>:tcp_acceptor:27) : +++++++++++ LSock:#Port<0.2738> +++++++++++

=INFO REPORT==== 2016-03-12 04:20:41 ===
I(<0.75.0>:tcp_acceptor:27) : +++++++++++ LSock:#Port<0.2738> +++++++++++

=INFO REPORT==== 2016-03-12 04:20:41 ===
I(<0.76.0>:tcp_acceptor:27) : +++++++++++ LSock:#Port<0.2738> +++++++++++

=INFO REPORT==== 2016-03-12 04:20:41 ===
I(<0.77.0>:tcp_acceptor:27) : +++++++++++ LSock:#Port<0.2738> +++++++++++

=INFO REPORT==== 2016-03-12 04:20:41 ===
I(<0.78.0>:tcp_acceptor:27) : +++++++++++ LSock:#Port<0.2738> +++++++++++

=INFO REPORT==== 2016-03-12 04:20:41 ===
I(<0.79.0>:tcp_acceptor:27) : +++++++++++ LSock:#Port<0.2738> +++++++++++

=INFO REPORT==== 2016-03-12 04:20:41 ===
I(<0.80.0>:tcp_acceptor:27) : +++++++++++ LSock:#Port<0.2738> +++++++++++

=INFO REPORT==== 2016-03-12 04:20:41 ===
I(<0.81.0>:tcp_acceptor:27) : +++++++++++ LSock:#Port<0.2738> +++++++++++

=INFO REPORT==== 2016-03-12 04:20:41 ===
I(<0.82.0>:tcp_acceptor:27) : +++++++++++ LSock:#Port<0.2738> +++++++++++

=INFO REPORT==== 2016-03-12 04:20:41 ===
I(<0.83.0>:tcp_acceptor:27) : +++++++++++ LSock:#Port<0.2738> +++++++++++

=ERROR REPORT==== 2016-03-12 04:20:41 ===
W(<0.51.0>:edb:37) : Host:[49,50,55,46,48,46,48,46,49], User:[114,111,111,116], Password:[49,50,51,52,53,54], Encode:utf8, DbName:undefined, Port:3306

=ERROR REPORT==== 2016-03-12 04:20:42 ===
W(<0.51.0>:edb:75) : have database db_name:"zbb_2"

=ERROR REPORT==== 2016-03-12 04:20:43 ===
W(<0.51.0>:edb:85) : change database res:0

=INFO REPORT==== 2016-03-12 04:33:37 ===
I(<0.127.0>:srv_reader:39) : Set Socket:#Port<0.3466>

=INFO REPORT==== 2016-03-12 04:34:33 ===
I(<0.127.0>:srv_reader:72) : Recevie Packet Length 4,Bin:<<14,0,0,86>>

=INFO REPORT==== 2016-03-12 04:34:33 ===
I(<0.127.0>:srv_reader:72) : Recevie Packet Length 4,Bin:<<227,41,141,0>>

=ERROR REPORT==== 2016-03-12 04:34:33 ===
W(<0.127.0>:srv_reader:65) : Len:295

=INFO REPORT==== 2016-03-12 04:36:03 ===
I(<0.127.0>:srv_reader:104) : Socket Error:timeout

=INFO REPORT==== 2016-03-12 04:39:31 ===
I(<0.141.0>:srv_reader:39) : Set Socket:#Port<0.3547>

=INFO REPORT==== 2016-03-12 04:40:01 ===
    application: sasl
    exited: stopped
    type: temporary

=ERROR REPORT==== 2016-03-12 04:40:01 ===
W(<0.73.0>:tcp_listener:50) : Socket:#Port<0.2738> close,Reason:shutdown

=ERROR REPORT==== 2016-03-12 04:40:01 ===
W(<0.74.0>:tcp_acceptor:54) : LSock Colsed:#Port<0.2738>

=ERROR REPORT==== 2016-03-12 04:40:01 ===
W(<0.75.0>:tcp_acceptor:54) : LSock Colsed:#Port<0.2738>

=ERROR REPORT==== 2016-03-12 04:40:01 ===
W(<0.76.0>:tcp_acceptor:54) : LSock Colsed:#Port<0.2738>

=ERROR REPORT==== 2016-03-12 04:40:01 ===
W(<0.77.0>:tcp_acceptor:54) : LSock Colsed:#Port<0.2738>

=ERROR REPORT==== 2016-03-12 04:40:01 ===
W(<0.78.0>:tcp_acceptor:54) : LSock Colsed:#Port<0.2738>

=ERROR REPORT==== 2016-03-12 04:40:01 ===
W(<0.79.0>:tcp_acceptor:54) : LSock Colsed:#Port<0.2738>

=ERROR REPORT==== 2016-03-12 04:40:01 ===
W(<0.80.0>:tcp_acceptor:54) : LSock Colsed:#Port<0.2738>

=ERROR REPORT==== 2016-03-12 04:40:01 ===
W(<0.81.0>:tcp_acceptor:54) : LSock Colsed:#Port<0.2738>

=ERROR REPORT==== 2016-03-12 04:40:01 ===
W(<0.82.0>:tcp_acceptor:54) : LSock Colsed:#Port<0.2738>

=ERROR REPORT==== 2016-03-12 04:40:01 ===
W(<0.83.0>:tcp_acceptor:54) : LSock Colsed:#Port<0.2738>

=ERROR REPORT==== 2016-03-12 04:40:01 ===
W(<0.62.0>:tcp_listener:50) : Socket:#Port<0.2733> close,Reason:shutdown

=ERROR REPORT==== 2016-03-12 04:40:01 ===
W(<0.65.0>:tcp_acceptor:54) : LSock Colsed:#Port<0.2733>

=ERROR REPORT==== 2016-03-12 04:40:01 ===
W(<0.67.0>:tcp_acceptor:54) : LSock Colsed:#Port<0.2733>

=ERROR REPORT==== 2016-03-12 04:40:01 ===
W(<0.66.0>:tcp_acceptor:54) : LSock Colsed:#Port<0.2733>

=ERROR REPORT==== 2016-03-12 04:40:01 ===
W(<0.68.0>:tcp_acceptor:54) : LSock Colsed:#Port<0.2733>

=ERROR REPORT==== 2016-03-12 04:40:01 ===
W(<0.69.0>:tcp_acceptor:54) : LSock Colsed:#Port<0.2733>

=ERROR REPORT==== 2016-03-12 04:40:01 ===
W(<0.71.0>:tcp_acceptor:54) : LSock Colsed:#Port<0.2733>

=ERROR REPORT==== 2016-03-12 04:40:01 ===
W(<0.70.0>:tcp_acceptor:54) : LSock Colsed:#Port<0.2733>

=ERROR REPORT==== 2016-03-12 04:40:01 ===
W(<0.72.0>:tcp_acceptor:54) : LSock Colsed:#Port<0.2733>

=ERROR REPORT==== 2016-03-12 04:40:01 ===
W(<0.63.0>:tcp_acceptor:54) : LSock Colsed:#Port<0.2733>

=ERROR REPORT==== 2016-03-12 04:40:01 ===
W(<0.64.0>:tcp_acceptor:54) : LSock Colsed:#Port<0.2733>

=INFO REPORT==== 2016-03-12 04:40:01 ===
    application: server
    exited: stopped
    type: temporary
