
=INFO REPORT==== 2016-03-12 04:40:07 ===
I(<0.63.0>:tcp_acceptor:27) : +++++++++++ LSock:#Port<0.2732> +++++++++++

=INFO REPORT==== 2016-03-12 04:40:07 ===
I(<0.64.0>:tcp_acceptor:27) : +++++++++++ LSock:#Port<0.2732> +++++++++++

=INFO REPORT==== 2016-03-12 04:40:07 ===
I(<0.65.0>:tcp_acceptor:27) : +++++++++++ LSock:#Port<0.2732> +++++++++++

=INFO REPORT==== 2016-03-12 04:40:07 ===
I(<0.66.0>:tcp_acceptor:27) : +++++++++++ LSock:#Port<0.2732> +++++++++++

=INFO REPORT==== 2016-03-12 04:40:07 ===
I(<0.67.0>:tcp_acceptor:27) : +++++++++++ LSock:#Port<0.2732> +++++++++++

=INFO REPORT==== 2016-03-12 04:40:07 ===
I(<0.68.0>:tcp_acceptor:27) : +++++++++++ LSock:#Port<0.2732> +++++++++++

=INFO REPORT==== 2016-03-12 04:40:07 ===
I(<0.69.0>:tcp_acceptor:27) : +++++++++++ LSock:#Port<0.2732> +++++++++++

=INFO REPORT==== 2016-03-12 04:40:07 ===
I(<0.70.0>:tcp_acceptor:27) : +++++++++++ LSock:#Port<0.2732> +++++++++++

=INFO REPORT==== 2016-03-12 04:40:07 ===
I(<0.71.0>:tcp_acceptor:27) : +++++++++++ LSock:#Port<0.2732> +++++++++++

=INFO REPORT==== 2016-03-12 04:40:07 ===
I(<0.72.0>:tcp_acceptor:27) : +++++++++++ LSock:#Port<0.2732> +++++++++++

=INFO REPORT==== 2016-03-12 04:40:07 ===
I(<0.74.0>:tcp_acceptor:27) : +++++++++++ LSock:#Port<0.2737> +++++++++++

=INFO REPORT==== 2016-03-12 04:40:07 ===
I(<0.75.0>:tcp_acceptor:27) : +++++++++++ LSock:#Port<0.2737> +++++++++++

=INFO REPORT==== 2016-03-12 04:40:07 ===
I(<0.76.0>:tcp_acceptor:27) : +++++++++++ LSock:#Port<0.2737> +++++++++++

=INFO REPORT==== 2016-03-12 04:40:07 ===
I(<0.77.0>:tcp_acceptor:27) : +++++++++++ LSock:#Port<0.2737> +++++++++++

=INFO REPORT==== 2016-03-12 04:40:07 ===
I(<0.78.0>:tcp_acceptor:27) : +++++++++++ LSock:#Port<0.2737> +++++++++++

=INFO REPORT==== 2016-03-12 04:40:07 ===
I(<0.79.0>:tcp_acceptor:27) : +++++++++++ LSock:#Port<0.2737> +++++++++++

=INFO REPORT==== 2016-03-12 04:40:07 ===
I(<0.80.0>:tcp_acceptor:27) : +++++++++++ LSock:#Port<0.2737> +++++++++++

=INFO REPORT==== 2016-03-12 04:40:07 ===
I(<0.81.0>:tcp_acceptor:27) : +++++++++++ LSock:#Port<0.2737> +++++++++++

=INFO REPORT==== 2016-03-12 04:40:07 ===
I(<0.82.0>:tcp_acceptor:27) : +++++++++++ LSock:#Port<0.2737> +++++++++++

=INFO REPORT==== 2016-03-12 04:40:07 ===
I(<0.83.0>:tcp_acceptor:27) : +++++++++++ LSock:#Port<0.2737> +++++++++++

=ERROR REPORT==== 2016-03-12 04:40:07 ===
W(<0.51.0>:edb:37) : Host:[49,50,55,46,48,46,48,46,49], User:[114,111,111,116], Password:[49,50,51,52,53,54], Encode:utf8, DbName:undefined, Port:3306

=ERROR REPORT==== 2016-03-12 04:40:08 ===
W(<0.51.0>:edb:75) : have database db_name:"zbb_1"

=ERROR REPORT==== 2016-03-12 04:40:09 ===
W(<0.51.0>:edb:85) : change database res:0

=ERROR REPORT==== 2016-03-12 05:14:08 ===
W(<0.140.0>:game_reloader:60) : all module:[protobuf_encode]

=ERROR REPORT==== 2016-03-12 05:14:08 ===
W(<0.140.0>:game_reloader:92) : Node:'game_zbb_s1_38001@172.19.17.102' Reloading protobuf_encode ...

=ERROR REPORT==== 2016-03-12 05:14:08 ===
W(<0.140.0>:game_reloader:97) : Node:'game_zbb_s1_38001@172.19.17.102',Reload:protobuf_encode,ok


=ERROR REPORT==== 2016-03-12 05:14:08 ===
W(<0.140.0>:game_reloader:113) : reload protobuf_encode ok.

=ERROR REPORT==== 2016-03-12 05:21:58 ===
W(<0.153.0>:game_reloader:60) : all module:[]

=ERROR REPORT==== 2016-03-12 05:32:28 ===
W(<0.159.0>:game_reloader:60) : all module:[]

=ERROR REPORT==== 2016-03-12 05:32:42 ===
W(<0.162.0>:game_reloader:60) : all module:[protobuf_encode]

=ERROR REPORT==== 2016-03-12 05:32:42 ===
W(<0.162.0>:game_reloader:92) : Node:'game_zbb_s1_38001@172.19.17.102' Reloading protobuf_encode ...

=ERROR REPORT==== 2016-03-12 05:32:42 ===
W(<0.162.0>:game_reloader:97) : Node:'game_zbb_s1_38001@172.19.17.102',Reload:protobuf_encode,ok


=ERROR REPORT==== 2016-03-12 05:32:42 ===
W(<0.162.0>:game_reloader:113) : reload protobuf_encode ok.

=INFO REPORT==== 2016-03-12 05:34:19 ===
    application: sasl
    exited: stopped
    type: temporary

=ERROR REPORT==== 2016-03-12 05:34:19 ===
W(<0.73.0>:tcp_listener:50) : Socket:#Port<0.2737> close,Reason:shutdown

=ERROR REPORT==== 2016-03-12 05:34:19 ===
W(<0.74.0>:tcp_acceptor:54) : LSock Colsed:#Port<0.2737>

=ERROR REPORT==== 2016-03-12 05:34:19 ===
W(<0.75.0>:tcp_acceptor:54) : LSock Colsed:#Port<0.2737>

=ERROR REPORT==== 2016-03-12 05:34:19 ===
W(<0.77.0>:tcp_acceptor:54) : LSock Colsed:#Port<0.2737>

=ERROR REPORT==== 2016-03-12 05:34:19 ===
W(<0.78.0>:tcp_acceptor:54) : LSock Colsed:#Port<0.2737>

=ERROR REPORT==== 2016-03-12 05:34:19 ===
W(<0.81.0>:tcp_acceptor:54) : LSock Colsed:#Port<0.2737>

=ERROR REPORT==== 2016-03-12 05:34:19 ===
W(<0.82.0>:tcp_acceptor:54) : LSock Colsed:#Port<0.2737>

=ERROR REPORT==== 2016-03-12 05:34:19 ===
W(<0.83.0>:tcp_acceptor:54) : LSock Colsed:#Port<0.2737>

=ERROR REPORT==== 2016-03-12 05:34:19 ===
W(<0.62.0>:tcp_listener:50) : Socket:#Port<0.2732> close,Reason:shutdown

=ERROR REPORT==== 2016-03-12 05:34:19 ===
W(<0.63.0>:tcp_acceptor:54) : LSock Colsed:#Port<0.2732>

=ERROR REPORT==== 2016-03-12 05:34:19 ===
W(<0.64.0>:tcp_acceptor:54) : LSock Colsed:#Port<0.2732>

=ERROR REPORT==== 2016-03-12 05:34:19 ===
W(<0.65.0>:tcp_acceptor:54) : LSock Colsed:#Port<0.2732>

=ERROR REPORT==== 2016-03-12 05:34:19 ===
W(<0.66.0>:tcp_acceptor:54) : LSock Colsed:#Port<0.2732>

=ERROR REPORT==== 2016-03-12 05:34:19 ===
W(<0.67.0>:tcp_acceptor:54) : LSock Colsed:#Port<0.2732>

=ERROR REPORT==== 2016-03-12 05:34:19 ===
W(<0.69.0>:tcp_acceptor:54) : LSock Colsed:#Port<0.2732>

=ERROR REPORT==== 2016-03-12 05:34:19 ===
W(<0.71.0>:tcp_acceptor:54) : LSock Colsed:#Port<0.2732>

=ERROR REPORT==== 2016-03-12 05:34:19 ===
W(<0.72.0>:tcp_acceptor:54) : LSock Colsed:#Port<0.2732>

=ERROR REPORT==== 2016-03-12 05:34:19 ===
W(<0.76.0>:tcp_acceptor:54) : LSock Colsed:#Port<0.2737>

=ERROR REPORT==== 2016-03-12 05:34:19 ===
W(<0.79.0>:tcp_acceptor:54) : LSock Colsed:#Port<0.2737>

=ERROR REPORT==== 2016-03-12 05:34:19 ===
W(<0.80.0>:tcp_acceptor:54) : LSock Colsed:#Port<0.2737>

=INFO REPORT==== 2016-03-12 05:34:19 ===
    application: server
    exited: stopped
    type: temporary
